{"numFailedTestSuites":4,"numFailedTests":43,"numPassedTestSuites":20,"numPassedTests":313,"numPendingTestSuites":0,"numPendingTests":0,"numRuntimeErrorTestSuites":0,"numTodoTests":0,"numTotalTestSuites":24,"numTotalTests":356,"openHandles":[],"snapshot":{"added":0,"didUpdate":false,"failure":false,"filesAdded":0,"filesRemoved":0,"filesRemovedList":[],"filesUnmatched":0,"filesUpdated":0,"matched":0,"total":0,"unchecked":0,"uncheckedKeysByFile":[],"unmatched":0,"updated":0},"startTime":1774345452264,"success":false,"testResults":[{"assertionResults":[{"ancestorTitles":["HomeScreen"],"duration":258,"failureDetails":[{}],"failureMessages":["Error: Unable to find an element with text: /Good Morning,\\nJane/\n\n\u001b[36m<View>\u001b[39m\n  \u001b[36m<View\u001b[39m\n    \u001b[33mpointerEvents\u001b[39m=\u001b[32m\"none\"\u001b[39m\n  \u001b[36m/>\u001b[39m\n  \u001b[36m<View\u001b[39m\n    \u001b[33mpointerEvents\u001b[39m=\u001b[32m\"none\"\u001b[39m\n  \u001b[36m/>\u001b[39m\n  \u001b[36m<RCTScrollView>\u001b[39m\n    \u001b[36m<View>\u001b[39m\n      \u001b[36m<View>\u001b[39m\n        \u001b[36m<Text>\u001b[39m\n          \u001b[0mGood Morning,\nJane\u001b[0m\n        \u001b[36m</Text>\u001b[39m\n        \u001b[36m<View\u001b[39m\n          \u001b[33maccessible\u001b[39m=\u001b[32m{true}\u001b[39m\n        \u001b[36m>\u001b[39m\n          \u001b[36m<ViewManagerAdapter_SymbolModule />\u001b[39m\n        \u001b[36m</View>\u001b[39m\n      \u001b[36m</View>\u001b[39m\n      \u001b[36m<View>\u001b[39m\n        \u001b[36m<View>\u001b[39m\n          \u001b[36m<View />\u001b[39m\n          \u001b[36m<View />\u001b[39m\n          \u001b[36m<View />\u001b[39m\n          \u001b[36m<View />\u001b[39m\n          \u001b[36m<View>\u001b[39m\n            \u001b[36m<View />\u001b[39m\n            \u001b[36m<Text>\u001b[39m\n              \u001b[0m14\u001b[0m\n            \u001b[36m</Text>\u001b[39m\n            \u001b[36m<Text>\u001b[39m\n              \u001b[0mDay\u001b[0m\n            \u001b[36m</Text>\u001b[39m\n            \u001b[36m<Text>\u001b[39m\n              \u001b[0mOvulation Phase\u001b[0m\n            \u001b[36m</Text>\u001b[39m\n          \u001b[36m</View>\u001b[39m\n        \u001b[36m</View>\u001b[39m\n      \u001b[36m</View>\u001b[39m\n      \u001b[36m<View>\u001b[39m\n        \u001b[36m<View>\u001b[39m\n          \u001b[36m<View>\u001b[39m\n            \u001b[36m<ViewManagerAdapter_SymbolModule />\u001b[39m\n          \u001b[36m</View>\u001b[39m\n          \u001b[36m<View>\u001b[39m\n            \u001b[36m<Text>\u001b[39m\n              \u001b[0mYour estrogen is peaking today. You might notice a natural glow and higher energy levels.\u001b[0m\n            \u001b[36m</Text>\u001b[39m\n          \u001b[36m</View>\u001b[39m\n        \u001b[36m</View>\u001b[39m\n      \u001b[36m</View>\u001b[39m\n      \u001b[36m<View>\u001b[39m\n        \u001b[36m<View />\u001b[39m\n        \u001b[36m<View />\u001b[39m\n        \u001b[36m<View />\u001b[39m\n      \u001b[36m</View>\u001b[39m\n      \u001b[36m<View>\u001b[39m\n        \u001b[36m<View>\u001b[39m\n          \u001b[36m<View>\u001b[39m\n            \u001b[36m<Text>\u001b[39m\n              \u001b[0mMon\u001b[0m\n            \u001b[36m</Text>\u001b[39m\n            \u001b[36m<View>\u001b[39m\n              \u001b[36m<Text>\u001b[39m\n                \u001b[0m15\u001b[0m\n              \u001b[36m</Text>\u001b[39m\n            \u001b[36m</View>\u001b[39m\n          \u001b[36m</View>\u001b[39m\n          \u001b[36m<View>\u001b[39m\n            \u001b[36m<Text>\u001b[39m\n              \u001b[0mTue\u001b[0m\n            \u001b[36m</Text>\u001b[39m\n            \u001b[36m<View>\u001b[39m\n              \u001b[36m<Text>\u001b[39m\n                \u001b[0m16\u001b[0m\n              \u001b[36m</Text>\u001b[39m\n            \u001b[36m</View>\u001b[39m\n          \u001b[36m</View>\u001b[39m\n        \u001b[36m</View>\u001b[39m\n      \u001b[36m</View>\u001b[39m\n      \u001b[36m<View>\u001b[39m\n        \u001b[36m<View>\u001b[39m\n          \u001b[36m<View>\u001b[39m\n            \u001b[36m<ViewManagerAdapter_SymbolModule />\u001b[39m\n          \u001b[36m</View>\u001b[39m\n          \u001b[36m<View>\u001b[39m\n            \u001b[36m<Text>\u001b[39m\n              \u001b[0mGood\u001b[0m\n            \u001b[36m</Text>\u001b[39m\n            \u001b[36m<Text>\u001b[39m\n              \u001b[0mCurrent mood\u001b[0m\n            \u001b[36m</Text>\u001b[39m\n          \u001b[36m</View>\u001b[39m\n        \u001b[36m</View>\u001b[39m\n        \u001b[36m<View>\u001b[39m\n          \u001b[36m<View>\u001b[39m\n            \u001b[36m<ViewManagerAdapter_SymbolModule />\u001b[39m\n          \u001b[36m</View>\u001b[39m\n          \u001b[36m<View>\u001b[39m\n            \u001b[36m<Text>\u001b[39m\n              \u001b[0mHigh Energy\u001b[0m\n            \u001b[36m</Text>\u001b[39m\n            \u001b[36m<Text>\u001b[39m\n              \u001b[0mReadiness\u001b[0m\n            \u001b[36m</Text>\u001b[39m\n          \u001b[36m</View>\u001b[39m\n        \u001b[36m</View>\u001b[39m\n      \u001b[36m</View>\u001b[39m\n      \u001b[36m<View>\u001b[39m\n        \u001b[36m<View\u001b[39m\n          \u001b[33maccessible\u001b[39m=\u001b[32m{true}\u001b[39m\n        \u001b[36m>\u001b[39m\n          \u001b[36m<Text>\u001b[39m\n            \u001b[0mLog Period\u001b[0m\n          \u001b[36m</Text>\u001b[39m\n        \u001b[36m</View>\u001b[39m\n        \u001b[36m<View\u001b[39m\n          \u001b[33maccessible\u001b[39m=\u001b[32m{true}\u001b[39m\n        \u001b[36m>\u001b[39m\n          \u001b[36m<Text>\u001b[39m\n            \u001b[0mLog Today's Flow & Mood\u001b[0m\n          \u001b[36m</Text>\u001b[39m\n        \u001b[36m</View>\u001b[39m\n      \u001b[36m</View>\u001b[39m\n      \u001b[36m<View\u001b[39m\n        \u001b[33maccessible\u001b[39m=\u001b[32m{true}\u001b[39m\n      \u001b[36m>\u001b[39m\n        \u001b[36m<ViewManagerAdapter_SymbolModule />\u001b[39m\n      \u001b[36m</View>\u001b[39m\n    \u001b[36m</View>\u001b[39m\n  \u001b[36m</RCTScrollView>\u001b[39m\n\u001b[36m</View>\u001b[39m\n    at Object.<anonymous> (/Users/parishasharma/deepakkafolder/Soma/__tests__/components/HomeScreen.test.tsx:109:18)\n    at Generator.next (<anonymous>)\n    at asyncGeneratorStep (/Users/parishasharma/deepakkafolder/Soma/node_modules/@babel/runtime/helpers/asyncToGenerator.js:3:17)\n    at _next (/Users/parishasharma/deepakkafolder/Soma/node_modules/@babel/runtime/helpers/asyncToGenerator.js:17:9)\n    at /Users/parishasharma/deepakkafolder/Soma/node_modules/@babel/runtime/helpers/asyncToGenerator.js:22:7\n    at new Promise (<anonymous>)\n    at Object.<anonymous> (/Users/parishasharma/deepakkafolder/Soma/node_modules/@babel/runtime/helpers/asyncToGenerator.js:14:12)\n    at Promise.then.completed (/Users/parishasharma/deepakkafolder/Soma/node_modules/jest-circus/build/utils.js:298:28)\n    at new Promise (<anonymous>)\n    at callAsyncCircusFn (/Users/parishasharma/deepakkafolder/Soma/node_modules/jest-circus/build/utils.js:231:10)\n    at _callCircusTest (/Users/parishasharma/deepakkafolder/Soma/node_modules/jest-circus/build/run.js:316:40)\n    at _runTest (/Users/parishasharma/deepakkafolder/Soma/node_modules/jest-circus/build/run.js:252:3)\n    at _runTestsForDescribeBlock (/Users/parishasharma/deepakkafolder/Soma/node_modules/jest-circus/build/run.js:126:9)\n    at _runTestsForDescribeBlock (/Users/parishasharma/deepakkafolder/Soma/node_modules/jest-circus/build/run.js:121:9)\n    at run (/Users/parishasharma/deepakkafolder/Soma/node_modules/jest-circus/build/run.js:71:3)\n    at runAndTransformResultsToJestFormat (/Users/parishasharma/deepakkafolder/Soma/node_modules/jest-circus/build/legacy-code-todo-rewrite/jestAdapterInit.js:122:21)\n    at jestAdapter (/Users/parishasharma/deepakkafolder/Soma/node_modules/jest-circus/build/legacy-code-todo-rewrite/jestAdapter.js:79:19)\n    at runTestInternal (/Users/parishasharma/deepakkafolder/Soma/node_modules/jest-runner/build/runTest.js:367:16)\n    at runTest (/Users/parishasharma/deepakkafolder/Soma/node_modules/jest-runner/build/runTest.js:444:34)"],"fullName":"HomeScreen renders greeting with user name","invocations":1,"location":null,"numPassingAsserts":0,"retryReasons":[],"status":"failed","title":"renders greeting with user name"},{"ancestorTitles":["HomeScreen"],"duration":16,"failureDetails":[],"failureMessages":[],"fullName":"HomeScreen displays cycle day and phase","invocations":1,"location":null,"numPassingAsserts":2,"retryReasons":[],"status":"passed","title":"displays cycle day and phase"},{"ancestorTitles":["HomeScreen"],"duration":35,"failureDetails":[{}],"failureMessages":["Error: Unable to find an element with text: 6/8\n\n\u001b[36m<View>\u001b[39m\n  \u001b[36m<View\u001b[39m\n    \u001b[33mpointerEvents\u001b[39m=\u001b[32m\"none\"\u001b[39m\n  \u001b[36m/>\u001b[39m\n  \u001b[36m<View\u001b[39m\n    \u001b[33mpointerEvents\u001b[39m=\u001b[32m\"none\"\u001b[39m\n  \u001b[36m/>\u001b[39m\n  \u001b[36m<RCTScrollView>\u001b[39m\n    \u001b[36m<View>\u001b[39m\n      \u001b[36m<View>\u001b[39m\n        \u001b[36m<Text>\u001b[39m\n          \u001b[0mGood Morning,\nJane\u001b[0m\n        \u001b[36m</Text>\u001b[39m\n        \u001b[36m<View\u001b[39m\n          \u001b[33maccessible\u001b[39m=\u001b[32m{true}\u001b[39m\n        \u001b[36m>\u001b[39m\n          \u001b[36m<ViewManagerAdapter_SymbolModule />\u001b[39m\n        \u001b[36m</View>\u001b[39m\n      \u001b[36m</View>\u001b[39m\n      \u001b[36m<View>\u001b[39m\n        \u001b[36m<View>\u001b[39m\n          \u001b[36m<View />\u001b[39m\n          \u001b[36m<View />\u001b[39m\n          \u001b[36m<View />\u001b[39m\n          \u001b[36m<View />\u001b[39m\n          \u001b[36m<View>\u001b[39m\n            \u001b[36m<View />\u001b[39m\n            \u001b[36m<Text>\u001b[39m\n              \u001b[0m14\u001b[0m\n            \u001b[36m</Text>\u001b[39m\n            \u001b[36m<Text>\u001b[39m\n              \u001b[0mDay\u001b[0m\n            \u001b[36m</Text>\u001b[39m\n            \u001b[36m<Text>\u001b[39m\n              \u001b[0mOvulation Phase\u001b[0m\n            \u001b[36m</Text>\u001b[39m\n          \u001b[36m</View>\u001b[39m\n        \u001b[36m</View>\u001b[39m\n      \u001b[36m</View>\u001b[39m\n      \u001b[36m<View>\u001b[39m\n        \u001b[36m<View>\u001b[39m\n          \u001b[36m<View>\u001b[39m\n            \u001b[36m<ViewManagerAdapter_SymbolModule />\u001b[39m\n          \u001b[36m</View>\u001b[39m\n          \u001b[36m<View>\u001b[39m\n            \u001b[36m<Text>\u001b[39m\n              \u001b[0mYour estrogen is peaking today. You might notice a natural glow and higher energy levels.\u001b[0m\n            \u001b[36m</Text>\u001b[39m\n          \u001b[36m</View>\u001b[39m\n        \u001b[36m</View>\u001b[39m\n      \u001b[36m</View>\u001b[39m\n      \u001b[36m<View>\u001b[39m\n        \u001b[36m<View />\u001b[39m\n        \u001b[36m<View />\u001b[39m\n        \u001b[36m<View />\u001b[39m\n      \u001b[36m</View>\u001b[39m\n      \u001b[36m<View>\u001b[39m\n        \u001b[36m<View>\u001b[39m\n          \u001b[36m<View>\u001b[39m\n            \u001b[36m<Text>\u001b[39m\n              \u001b[0mMon\u001b[0m\n            \u001b[36m</Text>\u001b[39m\n            \u001b[36m<View>\u001b[39m\n              \u001b[36m<Text>\u001b[39m\n                \u001b[0m15\u001b[0m\n              \u001b[36m</Text>\u001b[39m\n            \u001b[36m</View>\u001b[39m\n          \u001b[36m</View>\u001b[39m\n          \u001b[36m<View>\u001b[39m\n            \u001b[36m<Text>\u001b[39m\n              \u001b[0mTue\u001b[0m\n            \u001b[36m</Text>\u001b[39m\n            \u001b[36m<View>\u001b[39m\n              \u001b[36m<Text>\u001b[39m\n                \u001b[0m16\u001b[0m\n              \u001b[36m</Text>\u001b[39m\n            \u001b[36m</View>\u001b[39m\n          \u001b[36m</View>\u001b[39m\n        \u001b[36m</View>\u001b[39m\n      \u001b[36m</View>\u001b[39m\n      \u001b[36m<View>\u001b[39m\n        \u001b[36m<View>\u001b[39m\n          \u001b[36m<View>\u001b[39m\n            \u001b[36m<ViewManagerAdapter_SymbolModule />\u001b[39m\n          \u001b[36m</View>\u001b[39m\n          \u001b[36m<View>\u001b[39m\n            \u001b[36m<Text>\u001b[39m\n              \u001b[0mGood\u001b[0m\n            \u001b[36m</Text>\u001b[39m\n            \u001b[36m<Text>\u001b[39m\n              \u001b[0mCurrent mood\u001b[0m\n            \u001b[36m</Text>\u001b[39m\n          \u001b[36m</View>\u001b[39m\n        \u001b[36m</View>\u001b[39m\n        \u001b[36m<View>\u001b[39m\n          \u001b[36m<View>\u001b[39m\n            \u001b[36m<ViewManagerAdapter_SymbolModule />\u001b[39m\n          \u001b[36m</View>\u001b[39m\n          \u001b[36m<View>\u001b[39m\n            \u001b[36m<Text>\u001b[39m\n              \u001b[0mHigh Energy\u001b[0m\n            \u001b[36m</Text>\u001b[39m\n            \u001b[36m<Text>\u001b[39m\n              \u001b[0mReadiness\u001b[0m\n            \u001b[36m</Text>\u001b[39m\n          \u001b[36m</View>\u001b[39m\n        \u001b[36m</View>\u001b[39m\n      \u001b[36m</View>\u001b[39m\n      \u001b[36m<View>\u001b[39m\n        \u001b[36m<View\u001b[39m\n          \u001b[33maccessible\u001b[39m=\u001b[32m{true}\u001b[39m\n        \u001b[36m>\u001b[39m\n          \u001b[36m<Text>\u001b[39m\n            \u001b[0mLog Period\u001b[0m\n          \u001b[36m</Text>\u001b[39m\n        \u001b[36m</View>\u001b[39m\n        \u001b[36m<View\u001b[39m\n          \u001b[33maccessible\u001b[39m=\u001b[32m{true}\u001b[39m\n        \u001b[36m>\u001b[39m\n          \u001b[36m<Text>\u001b[39m\n            \u001b[0mLog Today's Flow & Mood\u001b[0m\n          \u001b[36m</Text>\u001b[39m\n        \u001b[36m</View>\u001b[39m\n      \u001b[36m</View>\u001b[39m\n      \u001b[36m<View\u001b[39m\n        \u001b[33maccessible\u001b[39m=\u001b[32m{true}\u001b[39m\n      \u001b[36m>\u001b[39m\n        \u001b[36m<ViewManagerAdapter_SymbolModule />\u001b[39m\n      \u001b[36m</View>\u001b[39m\n    \u001b[36m</View>\u001b[39m\n  \u001b[36m</RCTScrollView>\u001b[39m\n\u001b[36m</View>\u001b[39m\n    at Object.<anonymous> (/Users/parishasharma/deepakkafolder/Soma/__tests__/components/HomeScreen.test.tsx:134:18)\n    at Generator.next (<anonymous>)\n    at asyncGeneratorStep (/Users/parishasharma/deepakkafolder/Soma/node_modules/@babel/runtime/helpers/asyncToGenerator.js:3:17)\n    at _next (/Users/parishasharma/deepakkafolder/Soma/node_modules/@babel/runtime/helpers/asyncToGenerator.js:17:9)\n    at /Users/parishasharma/deepakkafolder/Soma/node_modules/@babel/runtime/helpers/asyncToGenerator.js:22:7\n    at new Promise (<anonymous>)\n    at Object.<anonymous> (/Users/parishasharma/deepakkafolder/Soma/node_modules/@babel/runtime/helpers/asyncToGenerator.js:14:12)\n    at Promise.then.completed (/Users/parishasharma/deepakkafolder/Soma/node_modules/jest-circus/build/utils.js:298:28)\n    at new Promise (<anonymous>)\n    at callAsyncCircusFn (/Users/parishasharma/deepakkafolder/Soma/node_modules/jest-circus/build/utils.js:231:10)\n    at _callCircusTest (/Users/parishasharma/deepakkafolder/Soma/node_modules/jest-circus/build/run.js:316:40)\n    at _runTest (/Users/parishasharma/deepakkafolder/Soma/node_modules/jest-circus/build/run.js:252:3)\n    at _runTestsForDescribeBlock (/Users/parishasharma/deepakkafolder/Soma/node_modules/jest-circus/build/run.js:126:9)\n    at _runTestsForDescribeBlock (/Users/parishasharma/deepakkafolder/Soma/node_modules/jest-circus/build/run.js:121:9)\n    at run (/Users/parishasharma/deepakkafolder/Soma/node_modules/jest-circus/build/run.js:71:3)\n    at runAndTransformResultsToJestFormat (/Users/parishasharma/deepakkafolder/Soma/node_modules/jest-circus/build/legacy-code-todo-rewrite/jestAdapterInit.js:122:21)\n    at jestAdapter (/Users/parishasharma/deepakkafolder/Soma/node_modules/jest-circus/build/legacy-code-todo-rewrite/jestAdapter.js:79:19)\n    at runTestInternal (/Users/parishasharma/deepakkafolder/Soma/node_modules/jest-runner/build/runTest.js:367:16)\n    at runTest (/Users/parishasharma/deepakkafolder/Soma/node_modules/jest-runner/build/runTest.js:444:34)"],"fullName":"HomeScreen shows hydration data in widget","invocations":1,"location":null,"numPassingAsserts":0,"retryReasons":[],"status":"failed","title":"shows hydration data in widget"},{"ancestorTitles":["HomeScreen"],"duration":48,"failureDetails":[{}],"failureMessages":["Error: Unable to find an element with text: 7h 30m\n\n\u001b[36m<View>\u001b[39m\n  \u001b[36m<View\u001b[39m\n    \u001b[33mpointerEvents\u001b[39m=\u001b[32m\"none\"\u001b[39m\n  \u001b[36m/>\u001b[39m\n  \u001b[36m<View\u001b[39m\n    \u001b[33mpointerEvents\u001b[39m=\u001b[32m\"none\"\u001b[39m\n  \u001b[36m/>\u001b[39m\n  \u001b[36m<RCTScrollView>\u001b[39m\n    \u001b[36m<View>\u001b[39m\n      \u001b[36m<View>\u001b[39m\n        \u001b[36m<Text>\u001b[39m\n          \u001b[0mGood Morning,\nJane\u001b[0m\n        \u001b[36m</Text>\u001b[39m\n        \u001b[36m<View\u001b[39m\n          \u001b[33maccessible\u001b[39m=\u001b[32m{true}\u001b[39m\n        \u001b[36m>\u001b[39m\n          \u001b[36m<ViewManagerAdapter_SymbolModule />\u001b[39m\n        \u001b[36m</View>\u001b[39m\n      \u001b[36m</View>\u001b[39m\n      \u001b[36m<View>\u001b[39m\n        \u001b[36m<View>\u001b[39m\n          \u001b[36m<View />\u001b[39m\n          \u001b[36m<View />\u001b[39m\n          \u001b[36m<View />\u001b[39m\n          \u001b[36m<View />\u001b[39m\n          \u001b[36m<View>\u001b[39m\n            \u001b[36m<View />\u001b[39m\n            \u001b[36m<Text>\u001b[39m\n              \u001b[0m14\u001b[0m\n            \u001b[36m</Text>\u001b[39m\n            \u001b[36m<Text>\u001b[39m\n              \u001b[0mDay\u001b[0m\n            \u001b[36m</Text>\u001b[39m\n            \u001b[36m<Text>\u001b[39m\n              \u001b[0mOvulation Phase\u001b[0m\n            \u001b[36m</Text>\u001b[39m\n          \u001b[36m</View>\u001b[39m\n        \u001b[36m</View>\u001b[39m\n      \u001b[36m</View>\u001b[39m\n      \u001b[36m<View>\u001b[39m\n        \u001b[36m<View>\u001b[39m\n          \u001b[36m<View>\u001b[39m\n            \u001b[36m<ViewManagerAdapter_SymbolModule />\u001b[39m\n          \u001b[36m</View>\u001b[39m\n          \u001b[36m<View>\u001b[39m\n            \u001b[36m<Text>\u001b[39m\n              \u001b[0mYour estrogen is peaking today. You might notice a natural glow and higher energy levels.\u001b[0m\n            \u001b[36m</Text>\u001b[39m\n          \u001b[36m</View>\u001b[39m\n        \u001b[36m</View>\u001b[39m\n      \u001b[36m</View>\u001b[39m\n      \u001b[36m<View>\u001b[39m\n        \u001b[36m<View />\u001b[39m\n        \u001b[36m<View />\u001b[39m\n        \u001b[36m<View />\u001b[39m\n      \u001b[36m</View>\u001b[39m\n      \u001b[36m<View>\u001b[39m\n        \u001b[36m<View>\u001b[39m\n          \u001b[36m<View>\u001b[39m\n            \u001b[36m<Text>\u001b[39m\n              \u001b[0mMon\u001b[0m\n            \u001b[36m</Text>\u001b[39m\n            \u001b[36m<View>\u001b[39m\n              \u001b[36m<Text>\u001b[39m\n                \u001b[0m15\u001b[0m\n              \u001b[36m</Text>\u001b[39m\n            \u001b[36m</View>\u001b[39m\n          \u001b[36m</View>\u001b[39m\n          \u001b[36m<View>\u001b[39m\n            \u001b[36m<Text>\u001b[39m\n              \u001b[0mTue\u001b[0m\n            \u001b[36m</Text>\u001b[39m\n            \u001b[36m<View>\u001b[39m\n              \u001b[36m<Text>\u001b[39m\n                \u001b[0m16\u001b[0m\n              \u001b[36m</Text>\u001b[39m\n            \u001b[36m</View>\u001b[39m\n          \u001b[36m</View>\u001b[39m\n        \u001b[36m</View>\u001b[39m\n      \u001b[36m</View>\u001b[39m\n      \u001b[36m<View>\u001b[39m\n        \u001b[36m<View>\u001b[39m\n          \u001b[36m<View>\u001b[39m\n            \u001b[36m<ViewManagerAdapter_SymbolModule />\u001b[39m\n          \u001b[36m</View>\u001b[39m\n          \u001b[36m<View>\u001b[39m\n            \u001b[36m<Text>\u001b[39m\n              \u001b[0mGood\u001b[0m\n            \u001b[36m</Text>\u001b[39m\n            \u001b[36m<Text>\u001b[39m\n              \u001b[0mCurrent mood\u001b[0m\n            \u001b[36m</Text>\u001b[39m\n          \u001b[36m</View>\u001b[39m\n        \u001b[36m</View>\u001b[39m\n        \u001b[36m<View>\u001b[39m\n          \u001b[36m<View>\u001b[39m\n            \u001b[36m<ViewManagerAdapter_SymbolModule />\u001b[39m\n          \u001b[36m</View>\u001b[39m\n          \u001b[36m<View>\u001b[39m\n            \u001b[36m<Text>\u001b[39m\n              \u001b[0mHigh Energy\u001b[0m\n            \u001b[36m</Text>\u001b[39m\n            \u001b[36m<Text>\u001b[39m\n              \u001b[0mReadiness\u001b[0m\n            \u001b[36m</Text>\u001b[39m\n          \u001b[36m</View>\u001b[39m\n        \u001b[36m</View>\u001b[39m\n      \u001b[36m</View>\u001b[39m\n      \u001b[36m<View>\u001b[39m\n        \u001b[36m<View\u001b[39m\n          \u001b[33maccessible\u001b[39m=\u001b[32m{true}\u001b[39m\n        \u001b[36m>\u001b[39m\n          \u001b[36m<Text>\u001b[39m\n            \u001b[0mLog Period\u001b[0m\n          \u001b[36m</Text>\u001b[39m\n        \u001b[36m</View>\u001b[39m\n        \u001b[36m<View\u001b[39m\n          \u001b[33maccessible\u001b[39m=\u001b[32m{true}\u001b[39m\n        \u001b[36m>\u001b[39m\n          \u001b[36m<Text>\u001b[39m\n            \u001b[0mLog Today's Flow & Mood\u001b[0m\n          \u001b[36m</Text>\u001b[39m\n        \u001b[36m</View>\u001b[39m\n      \u001b[36m</View>\u001b[39m\n      \u001b[36m<View\u001b[39m\n        \u001b[33maccessible\u001b[39m=\u001b[32m{true}\u001b[39m\n      \u001b[36m>\u001b[39m\n        \u001b[36m<ViewManagerAdapter_SymbolModule />\u001b[39m\n      \u001b[36m</View>\u001b[39m\n    \u001b[36m</View>\u001b[39m\n  \u001b[36m</RCTScrollView>\u001b[39m\n\u001b[36m</View>\u001b[39m\n    at Object.<anonymous> (/Users/parishasharma/deepakkafolder/Soma/__tests__/components/HomeScreen.test.tsx:147:18)\n    at Generator.next (<anonymous>)\n    at asyncGeneratorStep (/Users/parishasharma/deepakkafolder/Soma/node_modules/@babel/runtime/helpers/asyncToGenerator.js:3:17)\n    at _next (/Users/parishasharma/deepakkafolder/Soma/node_modules/@babel/runtime/helpers/asyncToGenerator.js:17:9)\n    at /Users/parishasharma/deepakkafolder/Soma/node_modules/@babel/runtime/helpers/asyncToGenerator.js:22:7\n    at new Promise (<anonymous>)\n    at Object.<anonymous> (/Users/parishasharma/deepakkafolder/Soma/node_modules/@babel/runtime/helpers/asyncToGenerator.js:14:12)\n    at Promise.then.completed (/Users/parishasharma/deepakkafolder/Soma/node_modules/jest-circus/build/utils.js:298:28)\n    at new Promise (<anonymous>)\n    at callAsyncCircusFn (/Users/parishasharma/deepakkafolder/Soma/node_modules/jest-circus/build/utils.js:231:10)\n    at _callCircusTest (/Users/parishasharma/deepakkafolder/Soma/node_modules/jest-circus/build/run.js:316:40)\n    at _runTest (/Users/parishasharma/deepakkafolder/Soma/node_modules/jest-circus/build/run.js:252:3)\n    at _runTestsForDescribeBlock (/Users/parishasharma/deepakkafolder/Soma/node_modules/jest-circus/build/run.js:126:9)\n    at _runTestsForDescribeBlock (/Users/parishasharma/deepakkafolder/Soma/node_modules/jest-circus/build/run.js:121:9)\n    at run (/Users/parishasharma/deepakkafolder/Soma/node_modules/jest-circus/build/run.js:71:3)\n    at runAndTransformResultsToJestFormat (/Users/parishasharma/deepakkafolder/Soma/node_modules/jest-circus/build/legacy-code-todo-rewrite/jestAdapterInit.js:122:21)\n    at jestAdapter (/Users/parishasharma/deepakkafolder/Soma/node_modules/jest-circus/build/legacy-code-todo-rewrite/jestAdapter.js:79:19)\n    at runTestInternal (/Users/parishasharma/deepakkafolder/Soma/node_modules/jest-runner/build/runTest.js:367:16)\n    at runTest (/Users/parishasharma/deepakkafolder/Soma/node_modules/jest-runner/build/runTest.js:444:34)"],"fullName":"HomeScreen shows sleep data formatted correctly","invocations":1,"location":null,"numPassingAsserts":0,"retryReasons":[],"status":"failed","title":"shows sleep data formatted correctly"},{"ancestorTitles":["HomeScreen"],"duration":14,"failureDetails":[],"failureMessages":[],"fullName":"HomeScreen displays mood and energy levels","invocations":1,"location":null,"numPassingAsserts":2,"retryReasons":[],"status":"passed","title":"displays mood and energy levels"},{"ancestorTitles":["HomeScreen"],"duration":14,"failureDetails":[],"failureMessages":[],"fullName":"HomeScreen renders action buttons","invocations":1,"location":null,"numPassingAsserts":2,"retryReasons":[],"status":"passed","title":"renders action buttons"},{"ancestorTitles":["HomeScreen"],"duration":14,"failureDetails":[{}],"failureMessages":["Error: Unable to find an element with text: Preparing your personal cycle insights...\n\n\u001b[36m<View>\u001b[39m\n  \u001b[36m<View\u001b[39m\n    \u001b[33mpointerEvents\u001b[39m=\u001b[32m\"none\"\u001b[39m\n  \u001b[36m/>\u001b[39m\n  \u001b[36m<View\u001b[39m\n    \u001b[33mpointerEvents\u001b[39m=\u001b[32m\"none\"\u001b[39m\n  \u001b[36m/>\u001b[39m\n  \u001b[36m<RCTScrollView>\u001b[39m\n    \u001b[36m<View>\u001b[39m\n      \u001b[36m<View>\u001b[39m\n        \u001b[36m<Text>\u001b[39m\n          \u001b[0mGood Morning,\nJane\u001b[0m\n        \u001b[36m</Text>\u001b[39m\n        \u001b[36m<View\u001b[39m\n          \u001b[33maccessible\u001b[39m=\u001b[32m{true}\u001b[39m\n        \u001b[36m>\u001b[39m\n          \u001b[36m<ViewManagerAdapter_SymbolModule />\u001b[39m\n        \u001b[36m</View>\u001b[39m\n      \u001b[36m</View>\u001b[39m\n      \u001b[36m<View>\u001b[39m\n        \u001b[36m<View>\u001b[39m\n          \u001b[36m<View />\u001b[39m\n          \u001b[36m<View />\u001b[39m\n          \u001b[36m<View />\u001b[39m\n          \u001b[36m<View />\u001b[39m\n          \u001b[36m<View>\u001b[39m\n            \u001b[36m<View />\u001b[39m\n            \u001b[36m<Text>\u001b[39m\n              \u001b[0m14\u001b[0m\n            \u001b[36m</Text>\u001b[39m\n            \u001b[36m<Text>\u001b[39m\n              \u001b[0mDay\u001b[0m\n            \u001b[36m</Text>\u001b[39m\n            \u001b[36m<Text>\u001b[39m\n              \u001b[0mOvulation Phase\u001b[0m\n            \u001b[36m</Text>\u001b[39m\n          \u001b[36m</View>\u001b[39m\n        \u001b[36m</View>\u001b[39m\n      \u001b[36m</View>\u001b[39m\n      \u001b[36m<View>\u001b[39m\n        \u001b[36m<View>\u001b[39m\n          \u001b[36m<View>\u001b[39m\n            \u001b[36m<ViewManagerAdapter_SymbolModule />\u001b[39m\n          \u001b[36m</View>\u001b[39m\n          \u001b[36m<View>\u001b[39m\n            \u001b[36m<Text>\u001b[39m\n              \u001b[0mYour estrogen is peaking today. You might notice a natural glow and higher energy levels.\u001b[0m\n            \u001b[36m</Text>\u001b[39m\n          \u001b[36m</View>\u001b[39m\n        \u001b[36m</View>\u001b[39m\n      \u001b[36m</View>\u001b[39m\n      \u001b[36m<View>\u001b[39m\n        \u001b[36m<View />\u001b[39m\n        \u001b[36m<View />\u001b[39m\n        \u001b[36m<View />\u001b[39m\n      \u001b[36m</View>\u001b[39m\n      \u001b[36m<View>\u001b[39m\n        \u001b[36m<View>\u001b[39m\n          \u001b[36m<View>\u001b[39m\n            \u001b[36m<Text>\u001b[39m\n              \u001b[0mMon\u001b[0m\n            \u001b[36m</Text>\u001b[39m\n            \u001b[36m<View>\u001b[39m\n              \u001b[36m<Text>\u001b[39m\n                \u001b[0m15\u001b[0m\n              \u001b[36m</Text>\u001b[39m\n            \u001b[36m</View>\u001b[39m\n          \u001b[36m</View>\u001b[39m\n          \u001b[36m<View>\u001b[39m\n            \u001b[36m<Text>\u001b[39m\n              \u001b[0mTue\u001b[0m\n            \u001b[36m</Text>\u001b[39m\n            \u001b[36m<View>\u001b[39m\n              \u001b[36m<Text>\u001b[39m\n                \u001b[0m16\u001b[0m\n              \u001b[36m</Text>\u001b[39m\n            \u001b[36m</View>\u001b[39m\n          \u001b[36m</View>\u001b[39m\n        \u001b[36m</View>\u001b[39m\n      \u001b[36m</View>\u001b[39m\n      \u001b[36m<View>\u001b[39m\n        \u001b[36m<View>\u001b[39m\n          \u001b[36m<View>\u001b[39m\n            \u001b[36m<ViewManagerAdapter_SymbolModule />\u001b[39m\n          \u001b[36m</View>\u001b[39m\n          \u001b[36m<View>\u001b[39m\n            \u001b[36m<Text>\u001b[39m\n              \u001b[0mGood\u001b[0m\n            \u001b[36m</Text>\u001b[39m\n            \u001b[36m<Text>\u001b[39m\n              \u001b[0mCurrent mood\u001b[0m\n            \u001b[36m</Text>\u001b[39m\n          \u001b[36m</View>\u001b[39m\n        \u001b[36m</View>\u001b[39m\n        \u001b[36m<View>\u001b[39m\n          \u001b[36m<View>\u001b[39m\n            \u001b[36m<ViewManagerAdapter_SymbolModule />\u001b[39m\n          \u001b[36m</View>\u001b[39m\n          \u001b[36m<View>\u001b[39m\n            \u001b[36m<Text>\u001b[39m\n              \u001b[0mHigh Energy\u001b[0m\n            \u001b[36m</Text>\u001b[39m\n            \u001b[36m<Text>\u001b[39m\n              \u001b[0mReadiness\u001b[0m\n            \u001b[36m</Text>\u001b[39m\n          \u001b[36m</View>\u001b[39m\n        \u001b[36m</View>\u001b[39m\n      \u001b[36m</View>\u001b[39m\n      \u001b[36m<View>\u001b[39m\n        \u001b[36m<View\u001b[39m\n          \u001b[33maccessible\u001b[39m=\u001b[32m{true}\u001b[39m\n        \u001b[36m>\u001b[39m\n          \u001b[36m<Text>\u001b[39m\n            \u001b[0mLog Period\u001b[0m\n          \u001b[36m</Text>\u001b[39m\n        \u001b[36m</View>\u001b[39m\n        \u001b[36m<View\u001b[39m\n          \u001b[33maccessible\u001b[39m=\u001b[32m{true}\u001b[39m\n        \u001b[36m>\u001b[39m\n          \u001b[36m<Text>\u001b[39m\n            \u001b[0mLog Today's Flow & Mood\u001b[0m\n          \u001b[36m</Text>\u001b[39m\n        \u001b[36m</View>\u001b[39m\n      \u001b[36m</View>\u001b[39m\n      \u001b[36m<View\u001b[39m\n        \u001b[33maccessible\u001b[39m=\u001b[32m{true}\u001b[39m\n      \u001b[36m>\u001b[39m\n        \u001b[36m<ViewManagerAdapter_SymbolModule />\u001b[39m\n      \u001b[36m</View>\u001b[39m\n    \u001b[36m</View>\u001b[39m\n  \u001b[36m</RCTScrollView>\u001b[39m\n\u001b[36m</View>\u001b[39m\n    at Object.getByText (/Users/parishasharma/deepakkafolder/Soma/__tests__/components/HomeScreen.test.tsx:197:14)\n    at Generator.next (<anonymous>)\n    at asyncGeneratorStep (/Users/parishasharma/deepakkafolder/Soma/node_modules/@babel/runtime/helpers/asyncToGenerator.js:3:17)\n    at _next (/Users/parishasharma/deepakkafolder/Soma/node_modules/@babel/runtime/helpers/asyncToGenerator.js:17:9)\n    at /Users/parishasharma/deepakkafolder/Soma/node_modules/@babel/runtime/helpers/asyncToGenerator.js:22:7\n    at new Promise (<anonymous>)\n    at Object.<anonymous> (/Users/parishasharma/deepakkafolder/Soma/node_modules/@babel/runtime/helpers/asyncToGenerator.js:14:12)\n    at Promise.then.completed (/Users/parishasharma/deepakkafolder/Soma/node_modules/jest-circus/build/utils.js:298:28)\n    at new Promise (<anonymous>)\n    at callAsyncCircusFn (/Users/parishasharma/deepakkafolder/Soma/node_modules/jest-circus/build/utils.js:231:10)\n    at _callCircusTest (/Users/parishasharma/deepakkafolder/Soma/node_modules/jest-circus/build/run.js:316:40)\n    at _runTest (/Users/parishasharma/deepakkafolder/Soma/node_modules/jest-circus/build/run.js:252:3)\n    at _runTestsForDescribeBlock (/Users/parishasharma/deepakkafolder/Soma/node_modules/jest-circus/build/run.js:126:9)\n    at _runTestsForDescribeBlock (/Users/parishasharma/deepakkafolder/Soma/node_modules/jest-circus/build/run.js:121:9)\n    at run (/Users/parishasharma/deepakkafolder/Soma/node_modules/jest-circus/build/run.js:71:3)\n    at runAndTransformResultsToJestFormat (/Users/parishasharma/deepakkafolder/Soma/node_modules/jest-circus/build/legacy-code-todo-rewrite/jestAdapterInit.js:122:21)\n    at jestAdapter (/Users/parishasharma/deepakkafolder/Soma/node_modules/jest-circus/build/legacy-code-todo-rewrite/jestAdapter.js:79:19)\n    at runTestInternal (/Users/parishasharma/deepakkafolder/Soma/node_modules/jest-runner/build/runTest.js:367:16)\n    at runTest (/Users/parishasharma/deepakkafolder/Soma/node_modules/jest-runner/build/runTest.js:444:34)"],"fullName":"HomeScreen handles loading timeout gracefully","invocations":1,"location":null,"numPassingAsserts":0,"retryReasons":[],"status":"failed","title":"handles loading timeout gracefully"}],"endTime":1774345453190,"message":"\u001b[1m\u001b[31m  \u001b[1m● \u001b[22m\u001b[1mHomeScreen › renders greeting with user name\u001b[39m\u001b[22m\n\n    Unable to find an element with text: /Good Morning,\\nJane/\n\n    \u001b[36m<View>\u001b[39m\n      \u001b[36m<View\u001b[39m\n        \u001b[33mpointerEvents\u001b[39m=\u001b[32m\"none\"\u001b[39m\n      \u001b[36m/>\u001b[39m\n      \u001b[36m<View\u001b[39m\n        \u001b[33mpointerEvents\u001b[39m=\u001b[32m\"none\"\u001b[39m\n      \u001b[36m/>\u001b[39m\n      \u001b[36m<RCTScrollView>\u001b[39m\n        \u001b[36m<View>\u001b[39m\n          \u001b[36m<View>\u001b[39m\n            \u001b[36m<Text>\u001b[39m\n              \u001b[0mGood Morning,\n    Jane\u001b[0m\n            \u001b[36m</Text>\u001b[39m\n            \u001b[36m<View\u001b[39m\n              \u001b[33maccessible\u001b[39m=\u001b[32m{true}\u001b[39m\n            \u001b[36m>\u001b[39m\n              \u001b[36m<ViewManagerAdapter_SymbolModule />\u001b[39m\n            \u001b[36m</View>\u001b[39m\n          \u001b[36m</View>\u001b[39m\n          \u001b[36m<View>\u001b[39m\n            \u001b[36m<View>\u001b[39m\n              \u001b[36m<View />\u001b[39m\n              \u001b[36m<View />\u001b[39m\n              \u001b[36m<View />\u001b[39m\n              \u001b[36m<View />\u001b[39m\n              \u001b[36m<View>\u001b[39m\n                \u001b[36m<View />\u001b[39m\n                \u001b[36m<Text>\u001b[39m\n                  \u001b[0m14\u001b[0m\n                \u001b[36m</Text>\u001b[39m\n                \u001b[36m<Text>\u001b[39m\n                  \u001b[0mDay\u001b[0m\n                \u001b[36m</Text>\u001b[39m\n                \u001b[36m<Text>\u001b[39m\n                  \u001b[0mOvulation Phase\u001b[0m\n                \u001b[36m</Text>\u001b[39m\n              \u001b[36m</View>\u001b[39m\n            \u001b[36m</View>\u001b[39m\n          \u001b[36m</View>\u001b[39m\n          \u001b[36m<View>\u001b[39m\n            \u001b[36m<View>\u001b[39m\n              \u001b[36m<View>\u001b[39m\n                \u001b[36m<ViewManagerAdapter_SymbolModule />\u001b[39m\n              \u001b[36m</View>\u001b[39m\n              \u001b[36m<View>\u001b[39m\n                \u001b[36m<Text>\u001b[39m\n                  \u001b[0mYour estrogen is peaking today. You might notice a natural glow and higher energy levels.\u001b[0m\n                \u001b[36m</Text>\u001b[39m\n              \u001b[36m</View>\u001b[39m\n            \u001b[36m</View>\u001b[39m\n          \u001b[36m</View>\u001b[39m\n          \u001b[36m<View>\u001b[39m\n            \u001b[36m<View />\u001b[39m\n            \u001b[36m<View />\u001b[39m\n            \u001b[36m<View />\u001b[39m\n          \u001b[36m</View>\u001b[39m\n          \u001b[36m<View>\u001b[39m\n            \u001b[36m<View>\u001b[39m\n              \u001b[36m<View>\u001b[39m\n                \u001b[36m<Text>\u001b[39m\n                  \u001b[0mMon\u001b[0m\n                \u001b[36m</Text>\u001b[39m\n                \u001b[36m<View>\u001b[39m\n                  \u001b[36m<Text>\u001b[39m\n                    \u001b[0m15\u001b[0m\n                  \u001b[36m</Text>\u001b[39m\n                \u001b[36m</View>\u001b[39m\n              \u001b[36m</View>\u001b[39m\n              \u001b[36m<View>\u001b[39m\n                \u001b[36m<Text>\u001b[39m\n                  \u001b[0mTue\u001b[0m\n                \u001b[36m</Text>\u001b[39m\n                \u001b[36m<View>\u001b[39m\n                  \u001b[36m<Text>\u001b[39m\n                    \u001b[0m16\u001b[0m\n                  \u001b[36m</Text>\u001b[39m\n                \u001b[36m</View>\u001b[39m\n              \u001b[36m</View>\u001b[39m\n            \u001b[36m</View>\u001b[39m\n          \u001b[36m</View>\u001b[39m\n          \u001b[36m<View>\u001b[39m\n            \u001b[36m<View>\u001b[39m\n              \u001b[36m<View>\u001b[39m\n                \u001b[36m<ViewManagerAdapter_SymbolModule />\u001b[39m\n              \u001b[36m</View>\u001b[39m\n              \u001b[36m<View>\u001b[39m\n                \u001b[36m<Text>\u001b[39m\n                  \u001b[0mGood\u001b[0m\n                \u001b[36m</Text>\u001b[39m\n                \u001b[36m<Text>\u001b[39m\n                  \u001b[0mCurrent mood\u001b[0m\n                \u001b[36m</Text>\u001b[39m\n              \u001b[36m</View>\u001b[39m\n            \u001b[36m</View>\u001b[39m\n            \u001b[36m<View>\u001b[39m\n              \u001b[36m<View>\u001b[39m\n                \u001b[36m<ViewManagerAdapter_SymbolModule />\u001b[39m\n              \u001b[36m</View>\u001b[39m\n              \u001b[36m<View>\u001b[39m\n                \u001b[36m<Text>\u001b[39m\n                  \u001b[0mHigh Energy\u001b[0m\n                \u001b[36m</Text>\u001b[39m\n                \u001b[36m<Text>\u001b[39m\n                  \u001b[0mReadiness\u001b[0m\n                \u001b[36m</Text>\u001b[39m\n              \u001b[36m</View>\u001b[39m\n            \u001b[36m</View>\u001b[39m\n          \u001b[36m</View>\u001b[39m\n          \u001b[36m<View>\u001b[39m\n            \u001b[36m<View\u001b[39m\n              \u001b[33maccessible\u001b[39m=\u001b[32m{true}\u001b[39m\n            \u001b[36m>\u001b[39m\n              \u001b[36m<Text>\u001b[39m\n                \u001b[0mLog Period\u001b[0m\n              \u001b[36m</Text>\u001b[39m\n            \u001b[36m</View>\u001b[39m\n            \u001b[36m<View\u001b[39m\n              \u001b[33maccessible\u001b[39m=\u001b[32m{true}\u001b[39m\n            \u001b[36m>\u001b[39m\n              \u001b[36m<Text>\u001b[39m\n                \u001b[0mLog Today's Flow & Mood\u001b[0m\n              \u001b[36m</Text>\u001b[39m\n            \u001b[36m</View>\u001b[39m\n          \u001b[36m</View>\u001b[39m\n          \u001b[36m<View\u001b[39m\n            \u001b[33maccessible\u001b[39m=\u001b[32m{true}\u001b[39m\n          \u001b[36m>\u001b[39m\n            \u001b[36m<ViewManagerAdapter_SymbolModule />\u001b[39m\n          \u001b[36m</View>\u001b[39m\n        \u001b[36m</View>\u001b[39m\n      \u001b[36m</RCTScrollView>\u001b[39m\n    \u001b[36m</View>\u001b[39m\n\u001b[2m\u001b[22m\n\u001b[2m    \u001b[0m \u001b[90m 107 |\u001b[39m     )\u001b[33m;\u001b[39m\u001b[22m\n\u001b[2m     \u001b[90m 108 |\u001b[39m\u001b[22m\n\u001b[2m    \u001b[31m\u001b[1m>\u001b[22m\u001b[2m\u001b[39m\u001b[90m 109 |\u001b[39m     \u001b[36mawait\u001b[39m waitFor(() \u001b[33m=>\u001b[39m {\u001b[22m\n\u001b[2m     \u001b[90m     |\u001b[39m                  \u001b[31m\u001b[1m^\u001b[22m\u001b[2m\u001b[39m\u001b[22m\n\u001b[2m     \u001b[90m 110 |\u001b[39m       expect(screen\u001b[33m.\u001b[39mgetByText(\u001b[35m/Good Morning,\\nJane/\u001b[39m))\u001b[33m.\u001b[39mtoBeTruthy()\u001b[33m;\u001b[39m\u001b[22m\n\u001b[2m     \u001b[90m 111 |\u001b[39m     })\u001b[33m;\u001b[39m\u001b[22m\n\u001b[2m     \u001b[90m 112 |\u001b[39m   })\u001b[33m;\u001b[39m\u001b[0m\u001b[22m\n\u001b[2m\u001b[22m\n\u001b[2m      \u001b[2mat Object.<anonymous> (\u001b[22m\u001b[2m\u001b[0m\u001b[36m__tests__/components/HomeScreen.test.tsx\u001b[39m\u001b[0m\u001b[2m:109:18)\u001b[22m\u001b[2m\u001b[22m\n\u001b[2m      \u001b[2mat asyncGeneratorStep (\u001b[22m\u001b[2mnode_modules/@babel/runtime/helpers/asyncToGenerator.js\u001b[2m:3:17)\u001b[22m\u001b[2m\u001b[22m\n\u001b[2m      \u001b[2mat _next (\u001b[22m\u001b[2mnode_modules/@babel/runtime/helpers/asyncToGenerator.js\u001b[2m:17:9)\u001b[22m\u001b[2m\u001b[22m\n\u001b[2m      \u001b[2mat \u001b[22m\u001b[2mnode_modules/@babel/runtime/helpers/asyncToGenerator.js\u001b[2m:22:7\u001b[22m\u001b[2m\u001b[22m\n\u001b[2m      \u001b[2mat Object.<anonymous> (\u001b[22m\u001b[2mnode_modules/@babel/runtime/helpers/asyncToGenerator.js\u001b[2m:14:12)\u001b[22m\u001b[2m\u001b[22m\n\n\u001b[1m\u001b[31m  \u001b[1m● \u001b[22m\u001b[1mHomeScreen › shows hydration data in widget\u001b[39m\u001b[22m\n\n    Unable to find an element with text: 6/8\n\n    \u001b[36m<View>\u001b[39m\n      \u001b[36m<View\u001b[39m\n        \u001b[33mpointerEvents\u001b[39m=\u001b[32m\"none\"\u001b[39m\n      \u001b[36m/>\u001b[39m\n      \u001b[36m<View\u001b[39m\n        \u001b[33mpointerEvents\u001b[39m=\u001b[32m\"none\"\u001b[39m\n      \u001b[36m/>\u001b[39m\n      \u001b[36m<RCTScrollView>\u001b[39m\n        \u001b[36m<View>\u001b[39m\n          \u001b[36m<View>\u001b[39m\n            \u001b[36m<Text>\u001b[39m\n              \u001b[0mGood Morning,\n    Jane\u001b[0m\n            \u001b[36m</Text>\u001b[39m\n            \u001b[36m<View\u001b[39m\n              \u001b[33maccessible\u001b[39m=\u001b[32m{true}\u001b[39m\n            \u001b[36m>\u001b[39m\n              \u001b[36m<ViewManagerAdapter_SymbolModule />\u001b[39m\n            \u001b[36m</View>\u001b[39m\n          \u001b[36m</View>\u001b[39m\n          \u001b[36m<View>\u001b[39m\n            \u001b[36m<View>\u001b[39m\n              \u001b[36m<View />\u001b[39m\n              \u001b[36m<View />\u001b[39m\n              \u001b[36m<View />\u001b[39m\n              \u001b[36m<View />\u001b[39m\n              \u001b[36m<View>\u001b[39m\n                \u001b[36m<View />\u001b[39m\n                \u001b[36m<Text>\u001b[39m\n                  \u001b[0m14\u001b[0m\n                \u001b[36m</Text>\u001b[39m\n                \u001b[36m<Text>\u001b[39m\n                  \u001b[0mDay\u001b[0m\n                \u001b[36m</Text>\u001b[39m\n                \u001b[36m<Text>\u001b[39m\n                  \u001b[0mOvulation Phase\u001b[0m\n                \u001b[36m</Text>\u001b[39m\n              \u001b[36m</View>\u001b[39m\n            \u001b[36m</View>\u001b[39m\n          \u001b[36m</View>\u001b[39m\n          \u001b[36m<View>\u001b[39m\n            \u001b[36m<View>\u001b[39m\n              \u001b[36m<View>\u001b[39m\n                \u001b[36m<ViewManagerAdapter_SymbolModule />\u001b[39m\n              \u001b[36m</View>\u001b[39m\n              \u001b[36m<View>\u001b[39m\n                \u001b[36m<Text>\u001b[39m\n                  \u001b[0mYour estrogen is peaking today. You might notice a natural glow and higher energy levels.\u001b[0m\n                \u001b[36m</Text>\u001b[39m\n              \u001b[36m</View>\u001b[39m\n            \u001b[36m</View>\u001b[39m\n          \u001b[36m</View>\u001b[39m\n          \u001b[36m<View>\u001b[39m\n            \u001b[36m<View />\u001b[39m\n            \u001b[36m<View />\u001b[39m\n            \u001b[36m<View />\u001b[39m\n          \u001b[36m</View>\u001b[39m\n          \u001b[36m<View>\u001b[39m\n            \u001b[36m<View>\u001b[39m\n              \u001b[36m<View>\u001b[39m\n                \u001b[36m<Text>\u001b[39m\n                  \u001b[0mMon\u001b[0m\n                \u001b[36m</Text>\u001b[39m\n                \u001b[36m<View>\u001b[39m\n                  \u001b[36m<Text>\u001b[39m\n                    \u001b[0m15\u001b[0m\n                  \u001b[36m</Text>\u001b[39m\n                \u001b[36m</View>\u001b[39m\n              \u001b[36m</View>\u001b[39m\n              \u001b[36m<View>\u001b[39m\n                \u001b[36m<Text>\u001b[39m\n                  \u001b[0mTue\u001b[0m\n                \u001b[36m</Text>\u001b[39m\n                \u001b[36m<View>\u001b[39m\n                  \u001b[36m<Text>\u001b[39m\n                    \u001b[0m16\u001b[0m\n                  \u001b[36m</Text>\u001b[39m\n                \u001b[36m</View>\u001b[39m\n              \u001b[36m</View>\u001b[39m\n            \u001b[36m</View>\u001b[39m\n          \u001b[36m</View>\u001b[39m\n          \u001b[36m<View>\u001b[39m\n            \u001b[36m<View>\u001b[39m\n              \u001b[36m<View>\u001b[39m\n                \u001b[36m<ViewManagerAdapter_SymbolModule />\u001b[39m\n              \u001b[36m</View>\u001b[39m\n              \u001b[36m<View>\u001b[39m\n                \u001b[36m<Text>\u001b[39m\n                  \u001b[0mGood\u001b[0m\n                \u001b[36m</Text>\u001b[39m\n                \u001b[36m<Text>\u001b[39m\n                  \u001b[0mCurrent mood\u001b[0m\n                \u001b[36m</Text>\u001b[39m\n              \u001b[36m</View>\u001b[39m\n            \u001b[36m</View>\u001b[39m\n            \u001b[36m<View>\u001b[39m\n              \u001b[36m<View>\u001b[39m\n                \u001b[36m<ViewManagerAdapter_SymbolModule />\u001b[39m\n              \u001b[36m</View>\u001b[39m\n              \u001b[36m<View>\u001b[39m\n                \u001b[36m<Text>\u001b[39m\n                  \u001b[0mHigh Energy\u001b[0m\n                \u001b[36m</Text>\u001b[39m\n                \u001b[36m<Text>\u001b[39m\n                  \u001b[0mReadiness\u001b[0m\n                \u001b[36m</Text>\u001b[39m\n              \u001b[36m</View>\u001b[39m\n            \u001b[36m</View>\u001b[39m\n          \u001b[36m</View>\u001b[39m\n          \u001b[36m<View>\u001b[39m\n            \u001b[36m<View\u001b[39m\n              \u001b[33maccessible\u001b[39m=\u001b[32m{true}\u001b[39m\n            \u001b[36m>\u001b[39m\n              \u001b[36m<Text>\u001b[39m\n                \u001b[0mLog Period\u001b[0m\n              \u001b[36m</Text>\u001b[39m\n            \u001b[36m</View>\u001b[39m\n            \u001b[36m<View\u001b[39m\n              \u001b[33maccessible\u001b[39m=\u001b[32m{true}\u001b[39m\n            \u001b[36m>\u001b[39m\n              \u001b[36m<Text>\u001b[39m\n                \u001b[0mLog Today's Flow & Mood\u001b[0m\n              \u001b[36m</Text>\u001b[39m\n            \u001b[36m</View>\u001b[39m\n          \u001b[36m</View>\u001b[39m\n          \u001b[36m<View\u001b[39m\n            \u001b[33maccessible\u001b[39m=\u001b[32m{true}\u001b[39m\n          \u001b[36m>\u001b[39m\n            \u001b[36m<ViewManagerAdapter_SymbolModule />\u001b[39m\n          \u001b[36m</View>\u001b[39m\n        \u001b[36m</View>\u001b[39m\n      \u001b[36m</RCTScrollView>\u001b[39m\n    \u001b[36m</View>\u001b[39m\n\u001b[2m\u001b[22m\n\u001b[2m    \u001b[0m \u001b[90m 132 |\u001b[39m     )\u001b[33m;\u001b[39m\u001b[22m\n\u001b[2m     \u001b[90m 133 |\u001b[39m\u001b[22m\n\u001b[2m    \u001b[31m\u001b[1m>\u001b[22m\u001b[2m\u001b[39m\u001b[90m 134 |\u001b[39m     \u001b[36mawait\u001b[39m waitFor(() \u001b[33m=>\u001b[39m {\u001b[22m\n\u001b[2m     \u001b[90m     |\u001b[39m                  \u001b[31m\u001b[1m^\u001b[22m\u001b[2m\u001b[39m\u001b[22m\n\u001b[2m     \u001b[90m 135 |\u001b[39m       expect(screen\u001b[33m.\u001b[39mgetByText(\u001b[32m\"6/8\"\u001b[39m))\u001b[33m.\u001b[39mtoBeTruthy()\u001b[33m;\u001b[39m\u001b[22m\n\u001b[2m     \u001b[90m 136 |\u001b[39m       expect(screen\u001b[33m.\u001b[39mgetByText(\u001b[32m\"Glasses today\"\u001b[39m))\u001b[33m.\u001b[39mtoBeTruthy()\u001b[33m;\u001b[39m\u001b[22m\n\u001b[2m     \u001b[90m 137 |\u001b[39m     })\u001b[33m;\u001b[39m\u001b[0m\u001b[22m\n\u001b[2m\u001b[22m\n\u001b[2m      \u001b[2mat Object.<anonymous> (\u001b[22m\u001b[2m\u001b[0m\u001b[36m__tests__/components/HomeScreen.test.tsx\u001b[39m\u001b[0m\u001b[2m:134:18)\u001b[22m\u001b[2m\u001b[22m\n\u001b[2m      \u001b[2mat asyncGeneratorStep (\u001b[22m\u001b[2mnode_modules/@babel/runtime/helpers/asyncToGenerator.js\u001b[2m:3:17)\u001b[22m\u001b[2m\u001b[22m\n\u001b[2m      \u001b[2mat _next (\u001b[22m\u001b[2mnode_modules/@babel/runtime/helpers/asyncToGenerator.js\u001b[2m:17:9)\u001b[22m\u001b[2m\u001b[22m\n\u001b[2m      \u001b[2mat \u001b[22m\u001b[2mnode_modules/@babel/runtime/helpers/asyncToGenerator.js\u001b[2m:22:7\u001b[22m\u001b[2m\u001b[22m\n\u001b[2m      \u001b[2mat Object.<anonymous> (\u001b[22m\u001b[2mnode_modules/@babel/runtime/helpers/asyncToGenerator.js\u001b[2m:14:12)\u001b[22m\u001b[2m\u001b[22m\n\n\u001b[1m\u001b[31m  \u001b[1m● \u001b[22m\u001b[1mHomeScreen › shows sleep data formatted correctly\u001b[39m\u001b[22m\n\n    Unable to find an element with text: 7h 30m\n\n    \u001b[36m<View>\u001b[39m\n      \u001b[36m<View\u001b[39m\n        \u001b[33mpointerEvents\u001b[39m=\u001b[32m\"none\"\u001b[39m\n      \u001b[36m/>\u001b[39m\n      \u001b[36m<View\u001b[39m\n        \u001b[33mpointerEvents\u001b[39m=\u001b[32m\"none\"\u001b[39m\n      \u001b[36m/>\u001b[39m\n      \u001b[36m<RCTScrollView>\u001b[39m\n        \u001b[36m<View>\u001b[39m\n          \u001b[36m<View>\u001b[39m\n            \u001b[36m<Text>\u001b[39m\n              \u001b[0mGood Morning,\n    Jane\u001b[0m\n            \u001b[36m</Text>\u001b[39m\n            \u001b[36m<View\u001b[39m\n              \u001b[33maccessible\u001b[39m=\u001b[32m{true}\u001b[39m\n            \u001b[36m>\u001b[39m\n              \u001b[36m<ViewManagerAdapter_SymbolModule />\u001b[39m\n            \u001b[36m</View>\u001b[39m\n          \u001b[36m</View>\u001b[39m\n          \u001b[36m<View>\u001b[39m\n            \u001b[36m<View>\u001b[39m\n              \u001b[36m<View />\u001b[39m\n              \u001b[36m<View />\u001b[39m\n              \u001b[36m<View />\u001b[39m\n              \u001b[36m<View />\u001b[39m\n              \u001b[36m<View>\u001b[39m\n                \u001b[36m<View />\u001b[39m\n                \u001b[36m<Text>\u001b[39m\n                  \u001b[0m14\u001b[0m\n                \u001b[36m</Text>\u001b[39m\n                \u001b[36m<Text>\u001b[39m\n                  \u001b[0mDay\u001b[0m\n                \u001b[36m</Text>\u001b[39m\n                \u001b[36m<Text>\u001b[39m\n                  \u001b[0mOvulation Phase\u001b[0m\n                \u001b[36m</Text>\u001b[39m\n              \u001b[36m</View>\u001b[39m\n            \u001b[36m</View>\u001b[39m\n          \u001b[36m</View>\u001b[39m\n          \u001b[36m<View>\u001b[39m\n            \u001b[36m<View>\u001b[39m\n              \u001b[36m<View>\u001b[39m\n                \u001b[36m<ViewManagerAdapter_SymbolModule />\u001b[39m\n              \u001b[36m</View>\u001b[39m\n              \u001b[36m<View>\u001b[39m\n                \u001b[36m<Text>\u001b[39m\n                  \u001b[0mYour estrogen is peaking today. You might notice a natural glow and higher energy levels.\u001b[0m\n                \u001b[36m</Text>\u001b[39m\n              \u001b[36m</View>\u001b[39m\n            \u001b[36m</View>\u001b[39m\n          \u001b[36m</View>\u001b[39m\n          \u001b[36m<View>\u001b[39m\n            \u001b[36m<View />\u001b[39m\n            \u001b[36m<View />\u001b[39m\n            \u001b[36m<View />\u001b[39m\n          \u001b[36m</View>\u001b[39m\n          \u001b[36m<View>\u001b[39m\n            \u001b[36m<View>\u001b[39m\n              \u001b[36m<View>\u001b[39m\n                \u001b[36m<Text>\u001b[39m\n                  \u001b[0mMon\u001b[0m\n                \u001b[36m</Text>\u001b[39m\n                \u001b[36m<View>\u001b[39m\n                  \u001b[36m<Text>\u001b[39m\n                    \u001b[0m15\u001b[0m\n                  \u001b[36m</Text>\u001b[39m\n                \u001b[36m</View>\u001b[39m\n              \u001b[36m</View>\u001b[39m\n              \u001b[36m<View>\u001b[39m\n                \u001b[36m<Text>\u001b[39m\n                  \u001b[0mTue\u001b[0m\n                \u001b[36m</Text>\u001b[39m\n                \u001b[36m<View>\u001b[39m\n                  \u001b[36m<Text>\u001b[39m\n                    \u001b[0m16\u001b[0m\n                  \u001b[36m</Text>\u001b[39m\n                \u001b[36m</View>\u001b[39m\n              \u001b[36m</View>\u001b[39m\n            \u001b[36m</View>\u001b[39m\n          \u001b[36m</View>\u001b[39m\n          \u001b[36m<View>\u001b[39m\n            \u001b[36m<View>\u001b[39m\n              \u001b[36m<View>\u001b[39m\n                \u001b[36m<ViewManagerAdapter_SymbolModule />\u001b[39m\n              \u001b[36m</View>\u001b[39m\n              \u001b[36m<View>\u001b[39m\n                \u001b[36m<Text>\u001b[39m\n                  \u001b[0mGood\u001b[0m\n                \u001b[36m</Text>\u001b[39m\n                \u001b[36m<Text>\u001b[39m\n                  \u001b[0mCurrent mood\u001b[0m\n                \u001b[36m</Text>\u001b[39m\n              \u001b[36m</View>\u001b[39m\n            \u001b[36m</View>\u001b[39m\n            \u001b[36m<View>\u001b[39m\n              \u001b[36m<View>\u001b[39m\n                \u001b[36m<ViewManagerAdapter_SymbolModule />\u001b[39m\n              \u001b[36m</View>\u001b[39m\n              \u001b[36m<View>\u001b[39m\n                \u001b[36m<Text>\u001b[39m\n                  \u001b[0mHigh Energy\u001b[0m\n                \u001b[36m</Text>\u001b[39m\n                \u001b[36m<Text>\u001b[39m\n                  \u001b[0mReadiness\u001b[0m\n                \u001b[36m</Text>\u001b[39m\n              \u001b[36m</View>\u001b[39m\n            \u001b[36m</View>\u001b[39m\n          \u001b[36m</View>\u001b[39m\n          \u001b[36m<View>\u001b[39m\n            \u001b[36m<View\u001b[39m\n              \u001b[33maccessible\u001b[39m=\u001b[32m{true}\u001b[39m\n            \u001b[36m>\u001b[39m\n              \u001b[36m<Text>\u001b[39m\n                \u001b[0mLog Period\u001b[0m\n              \u001b[36m</Text>\u001b[39m\n            \u001b[36m</View>\u001b[39m\n            \u001b[36m<View\u001b[39m\n              \u001b[33maccessible\u001b[39m=\u001b[32m{true}\u001b[39m\n            \u001b[36m>\u001b[39m\n              \u001b[36m<Text>\u001b[39m\n                \u001b[0mLog Today's Flow & Mood\u001b[0m\n              \u001b[36m</Text>\u001b[39m\n            \u001b[36m</View>\u001b[39m\n          \u001b[36m</View>\u001b[39m\n          \u001b[36m<View\u001b[39m\n            \u001b[33maccessible\u001b[39m=\u001b[32m{true}\u001b[39m\n          \u001b[36m>\u001b[39m\n            \u001b[36m<ViewManagerAdapter_SymbolModule />\u001b[39m\n          \u001b[36m</View>\u001b[39m\n        \u001b[36m</View>\u001b[39m\n      \u001b[36m</RCTScrollView>\u001b[39m\n    \u001b[36m</View>\u001b[39m\n\u001b[2m\u001b[22m\n\u001b[2m    \u001b[0m \u001b[90m 145 |\u001b[39m     )\u001b[33m;\u001b[39m\u001b[22m\n\u001b[2m     \u001b[90m 146 |\u001b[39m\u001b[22m\n\u001b[2m    \u001b[31m\u001b[1m>\u001b[22m\u001b[2m\u001b[39m\u001b[90m 147 |\u001b[39m     \u001b[36mawait\u001b[39m waitFor(() \u001b[33m=>\u001b[39m {\u001b[22m\n\u001b[2m     \u001b[90m     |\u001b[39m                  \u001b[31m\u001b[1m^\u001b[22m\u001b[2m\u001b[39m\u001b[22m\n\u001b[2m     \u001b[90m 148 |\u001b[39m       expect(screen\u001b[33m.\u001b[39mgetByText(\u001b[32m\"7h 30m\"\u001b[39m))\u001b[33m.\u001b[39mtoBeTruthy()\u001b[33m;\u001b[39m\u001b[22m\n\u001b[2m     \u001b[90m 149 |\u001b[39m       expect(screen\u001b[33m.\u001b[39mgetByText(\u001b[32m\"Last night\"\u001b[39m))\u001b[33m.\u001b[39mtoBeTruthy()\u001b[33m;\u001b[39m\u001b[22m\n\u001b[2m     \u001b[90m 150 |\u001b[39m     })\u001b[33m;\u001b[39m\u001b[0m\u001b[22m\n\u001b[2m\u001b[22m\n\u001b[2m      \u001b[2mat Object.<anonymous> (\u001b[22m\u001b[2m\u001b[0m\u001b[36m__tests__/components/HomeScreen.test.tsx\u001b[39m\u001b[0m\u001b[2m:147:18)\u001b[22m\u001b[2m\u001b[22m\n\u001b[2m      \u001b[2mat asyncGeneratorStep (\u001b[22m\u001b[2mnode_modules/@babel/runtime/helpers/asyncToGenerator.js\u001b[2m:3:17)\u001b[22m\u001b[2m\u001b[22m\n\u001b[2m      \u001b[2mat _next (\u001b[22m\u001b[2mnode_modules/@babel/runtime/helpers/asyncToGenerator.js\u001b[2m:17:9)\u001b[22m\u001b[2m\u001b[22m\n\u001b[2m      \u001b[2mat \u001b[22m\u001b[2mnode_modules/@babel/runtime/helpers/asyncToGenerator.js\u001b[2m:22:7\u001b[22m\u001b[2m\u001b[22m\n\u001b[2m      \u001b[2mat Object.<anonymous> (\u001b[22m\u001b[2mnode_modules/@babel/runtime/helpers/asyncToGenerator.js\u001b[2m:14:12)\u001b[22m\u001b[2m\u001b[22m\n\n\u001b[1m\u001b[31m  \u001b[1m● \u001b[22m\u001b[1mHomeScreen › handles loading timeout gracefully\u001b[39m\u001b[22m\n\n    Unable to find an element with text: Preparing your personal cycle insights...\n\n    \u001b[36m<View>\u001b[39m\n      \u001b[36m<View\u001b[39m\n        \u001b[33mpointerEvents\u001b[39m=\u001b[32m\"none\"\u001b[39m\n      \u001b[36m/>\u001b[39m\n      \u001b[36m<View\u001b[39m\n        \u001b[33mpointerEvents\u001b[39m=\u001b[32m\"none\"\u001b[39m\n      \u001b[36m/>\u001b[39m\n      \u001b[36m<RCTScrollView>\u001b[39m\n        \u001b[36m<View>\u001b[39m\n          \u001b[36m<View>\u001b[39m\n            \u001b[36m<Text>\u001b[39m\n              \u001b[0mGood Morning,\n    Jane\u001b[0m\n            \u001b[36m</Text>\u001b[39m\n            \u001b[36m<View\u001b[39m\n              \u001b[33maccessible\u001b[39m=\u001b[32m{true}\u001b[39m\n            \u001b[36m>\u001b[39m\n              \u001b[36m<ViewManagerAdapter_SymbolModule />\u001b[39m\n            \u001b[36m</View>\u001b[39m\n          \u001b[36m</View>\u001b[39m\n          \u001b[36m<View>\u001b[39m\n            \u001b[36m<View>\u001b[39m\n              \u001b[36m<View />\u001b[39m\n              \u001b[36m<View />\u001b[39m\n              \u001b[36m<View />\u001b[39m\n              \u001b[36m<View />\u001b[39m\n              \u001b[36m<View>\u001b[39m\n                \u001b[36m<View />\u001b[39m\n                \u001b[36m<Text>\u001b[39m\n                  \u001b[0m14\u001b[0m\n                \u001b[36m</Text>\u001b[39m\n                \u001b[36m<Text>\u001b[39m\n                  \u001b[0mDay\u001b[0m\n                \u001b[36m</Text>\u001b[39m\n                \u001b[36m<Text>\u001b[39m\n                  \u001b[0mOvulation Phase\u001b[0m\n                \u001b[36m</Text>\u001b[39m\n              \u001b[36m</View>\u001b[39m\n            \u001b[36m</View>\u001b[39m\n          \u001b[36m</View>\u001b[39m\n          \u001b[36m<View>\u001b[39m\n            \u001b[36m<View>\u001b[39m\n              \u001b[36m<View>\u001b[39m\n                \u001b[36m<ViewManagerAdapter_SymbolModule />\u001b[39m\n              \u001b[36m</View>\u001b[39m\n              \u001b[36m<View>\u001b[39m\n                \u001b[36m<Text>\u001b[39m\n                  \u001b[0mYour estrogen is peaking today. You might notice a natural glow and higher energy levels.\u001b[0m\n                \u001b[36m</Text>\u001b[39m\n              \u001b[36m</View>\u001b[39m\n            \u001b[36m</View>\u001b[39m\n          \u001b[36m</View>\u001b[39m\n          \u001b[36m<View>\u001b[39m\n            \u001b[36m<View />\u001b[39m\n            \u001b[36m<View />\u001b[39m\n            \u001b[36m<View />\u001b[39m\n          \u001b[36m</View>\u001b[39m\n          \u001b[36m<View>\u001b[39m\n            \u001b[36m<View>\u001b[39m\n              \u001b[36m<View>\u001b[39m\n                \u001b[36m<Text>\u001b[39m\n                  \u001b[0mMon\u001b[0m\n                \u001b[36m</Text>\u001b[39m\n                \u001b[36m<View>\u001b[39m\n                  \u001b[36m<Text>\u001b[39m\n                    \u001b[0m15\u001b[0m\n                  \u001b[36m</Text>\u001b[39m\n                \u001b[36m</View>\u001b[39m\n              \u001b[36m</View>\u001b[39m\n              \u001b[36m<View>\u001b[39m\n                \u001b[36m<Text>\u001b[39m\n                  \u001b[0mTue\u001b[0m\n                \u001b[36m</Text>\u001b[39m\n                \u001b[36m<View>\u001b[39m\n                  \u001b[36m<Text>\u001b[39m\n                    \u001b[0m16\u001b[0m\n                  \u001b[36m</Text>\u001b[39m\n                \u001b[36m</View>\u001b[39m\n              \u001b[36m</View>\u001b[39m\n            \u001b[36m</View>\u001b[39m\n          \u001b[36m</View>\u001b[39m\n          \u001b[36m<View>\u001b[39m\n            \u001b[36m<View>\u001b[39m\n              \u001b[36m<View>\u001b[39m\n                \u001b[36m<ViewManagerAdapter_SymbolModule />\u001b[39m\n              \u001b[36m</View>\u001b[39m\n              \u001b[36m<View>\u001b[39m\n                \u001b[36m<Text>\u001b[39m\n                  \u001b[0mGood\u001b[0m\n                \u001b[36m</Text>\u001b[39m\n                \u001b[36m<Text>\u001b[39m\n                  \u001b[0mCurrent mood\u001b[0m\n                \u001b[36m</Text>\u001b[39m\n              \u001b[36m</View>\u001b[39m\n            \u001b[36m</View>\u001b[39m\n            \u001b[36m<View>\u001b[39m\n              \u001b[36m<View>\u001b[39m\n                \u001b[36m<ViewManagerAdapter_SymbolModule />\u001b[39m\n              \u001b[36m</View>\u001b[39m\n              \u001b[36m<View>\u001b[39m\n                \u001b[36m<Text>\u001b[39m\n                  \u001b[0mHigh Energy\u001b[0m\n                \u001b[36m</Text>\u001b[39m\n                \u001b[36m<Text>\u001b[39m\n                  \u001b[0mReadiness\u001b[0m\n                \u001b[36m</Text>\u001b[39m\n              \u001b[36m</View>\u001b[39m\n            \u001b[36m</View>\u001b[39m\n          \u001b[36m</View>\u001b[39m\n          \u001b[36m<View>\u001b[39m\n            \u001b[36m<View\u001b[39m\n              \u001b[33maccessible\u001b[39m=\u001b[32m{true}\u001b[39m\n            \u001b[36m>\u001b[39m\n              \u001b[36m<Text>\u001b[39m\n                \u001b[0mLog Period\u001b[0m\n              \u001b[36m</Text>\u001b[39m\n            \u001b[36m</View>\u001b[39m\n            \u001b[36m<View\u001b[39m\n              \u001b[33maccessible\u001b[39m=\u001b[32m{true}\u001b[39m\n            \u001b[36m>\u001b[39m\n              \u001b[36m<Text>\u001b[39m\n                \u001b[0mLog Today's Flow & Mood\u001b[0m\n              \u001b[36m</Text>\u001b[39m\n            \u001b[36m</View>\u001b[39m\n          \u001b[36m</View>\u001b[39m\n          \u001b[36m<View\u001b[39m\n            \u001b[33maccessible\u001b[39m=\u001b[32m{true}\u001b[39m\n          \u001b[36m>\u001b[39m\n            \u001b[36m<ViewManagerAdapter_SymbolModule />\u001b[39m\n          \u001b[36m</View>\u001b[39m\n        \u001b[36m</View>\u001b[39m\n      \u001b[36m</RCTScrollView>\u001b[39m\n    \u001b[36m</View>\u001b[39m\n\u001b[2m\u001b[22m\n\u001b[2m    \u001b[0m \u001b[90m 195 |\u001b[39m     \u001b[90m// Should show loading splash initially\u001b[39m\u001b[22m\n\u001b[2m     \u001b[90m 196 |\u001b[39m     expect(\u001b[22m\n\u001b[2m    \u001b[31m\u001b[1m>\u001b[22m\u001b[2m\u001b[39m\u001b[90m 197 |\u001b[39m       screen\u001b[33m.\u001b[39mgetByText(\u001b[32m\"Preparing your personal cycle insights...\"\u001b[39m)\u001b[33m,\u001b[39m\u001b[22m\n\u001b[2m     \u001b[90m     |\u001b[39m              \u001b[31m\u001b[1m^\u001b[22m\u001b[2m\u001b[39m\u001b[22m\n\u001b[2m     \u001b[90m 198 |\u001b[39m     )\u001b[33m.\u001b[39mtoBeTruthy()\u001b[33m;\u001b[39m\u001b[22m\n\u001b[2m     \u001b[90m 199 |\u001b[39m   })\u001b[33m;\u001b[39m\u001b[22m\n\u001b[2m     \u001b[90m 200 |\u001b[39m })\u001b[33m;\u001b[39m\u001b[0m\u001b[22m\n\u001b[2m\u001b[22m\n\u001b[2m      \u001b[2mat Object.getByText (\u001b[22m\u001b[2m\u001b[0m\u001b[36m__tests__/components/HomeScreen.test.tsx\u001b[39m\u001b[0m\u001b[2m:197:14)\u001b[22m\u001b[2m\u001b[22m\n\u001b[2m      \u001b[2mat asyncGeneratorStep (\u001b[22m\u001b[2mnode_modules/@babel/runtime/helpers/asyncToGenerator.js\u001b[2m:3:17)\u001b[22m\u001b[2m\u001b[22m\n\u001b[2m      \u001b[2mat _next (\u001b[22m\u001b[2mnode_modules/@babel/runtime/helpers/asyncToGenerator.js\u001b[2m:17:9)\u001b[22m\u001b[2m\u001b[22m\n\u001b[2m      \u001b[2mat \u001b[22m\u001b[2mnode_modules/@babel/runtime/helpers/asyncToGenerator.js\u001b[2m:22:7\u001b[22m\u001b[2m\u001b[22m\n\u001b[2m      \u001b[2mat Object.<anonymous> (\u001b[22m\u001b[2mnode_modules/@babel/runtime/helpers/asyncToGenerator.js\u001b[2m:14:12)\u001b[22m\u001b[2m\u001b[22m\n","name":"/Users/parishasharma/deepakkafolder/Soma/__tests__/components/HomeScreen.test.tsx","startTime":1774345452297,"status":"failed","summary":""},{"assertionResults":[{"ancestorTitles":["DailyLogScreen (SymptomLog)"],"duration":32,"failureDetails":[{"matcherResult":{"message":"\u001b[2mexpect(\u001b[22m\u001b[31mreceived\u001b[39m\u001b[2m).\u001b[22mnot\u001b[2m.\u001b[22mtoThrow\u001b[2m()\u001b[22m\n\nError name:    \u001b[31m\"Error\"\u001b[39m\nError message: \u001b[31m\"No QueryClient set, use QueryClientProvider to set one\"\u001b[39m\n\n    \u001b[0m \u001b[90m 288 |\u001b[39m\n     \u001b[90m 289 |\u001b[39m \u001b[36mexport\u001b[39m \u001b[36mfunction\u001b[39m useEndCurrentCycle() {\n    \u001b[31m\u001b[1m>\u001b[22m\u001b[39m\u001b[90m 290 |\u001b[39m   \u001b[36mconst\u001b[39m queryClient \u001b[33m=\u001b[39m useQueryClient()\u001b[33m;\u001b[39m\n     \u001b[90m     |\u001b[39m                                     \u001b[31m\u001b[1m^\u001b[22m\u001b[39m\n     \u001b[90m 291 |\u001b[39m\n     \u001b[90m 292 |\u001b[39m   \u001b[36mreturn\u001b[39m useMutation({\n     \u001b[90m 293 |\u001b[39m     mutationFn\u001b[33m:\u001b[39m \u001b[36masync\u001b[39m ()\u001b[33m:\u001b[39m \u001b[33mPromise\u001b[39m\u001b[33m<\u001b[39m\u001b[33mEndCurrentPeriodResult\u001b[39m\u001b[33m>\u001b[39m \u001b[33m=>\u001b[39m {\u001b[0m\n\n      \u001b[2mat useQueryClient (\u001b[22mnode_modules/@tanstack/react-query/src/QueryClientProvider.tsx\u001b[2m:18:11)\u001b[22m\n      \u001b[2mat useEndCurrentCycle (\u001b[22mhooks/useCycleActions.ts\u001b[2m:290:37)\u001b[22m\n      \u001b[2mat DailyLogScreen (\u001b[22msrc/screens/DailyLogScreen.tsx\u001b[2m:71:45)\u001b[22m\n      \u001b[2mat Object.react_stack_bottom_frame (\u001b[22mnode_modules/react-test-renderer/cjs/react-test-renderer.development.js\u001b[2m:15670:20)\u001b[22m\n      \u001b[2mat renderWithHooks (\u001b[22mnode_modules/react-test-renderer/cjs/react-test-renderer.development.js\u001b[2m:4863:22)\u001b[22m\n      \u001b[2mat updateFunctionComponent (\u001b[22mnode_modules/react-test-renderer/cjs/react-test-renderer.development.js\u001b[2m:7018:19)\u001b[22m\n      \u001b[2mat beginWork (\u001b[22mnode_modules/react-test-renderer/cjs/react-test-renderer.development.js\u001b[2m:8499:18)\u001b[22m\n      \u001b[2mat runWithFiberInDEV (\u001b[22mnode_modules/react-test-renderer/cjs/react-test-renderer.development.js\u001b[2m:2315:13)\u001b[22m\n      \u001b[2mat performUnitOfWork (\u001b[22mnode_modules/react-test-renderer/cjs/react-test-renderer.development.js\u001b[2m:13224:22)\u001b[22m\n      \u001b[2mat workLoopSync (\u001b[22mnode_modules/react-test-renderer/cjs/react-test-renderer.development.js\u001b[2m:13068:41)\u001b[22m\n      \u001b[2mat renderRootSync (\u001b[22mnode_modules/react-test-renderer/cjs/react-test-renderer.development.js\u001b[2m:13049:11)\u001b[22m\n      \u001b[2mat performWorkOnRoot (\u001b[22mnode_modules/react-test-renderer/cjs/react-test-renderer.development.js\u001b[2m:12253:39)\u001b[22m\n      \u001b[2mat performWorkOnRootViaSchedulerTask (\u001b[22mnode_modules/react-test-renderer/cjs/react-test-renderer.development.js\u001b[2m:2908:7)\u001b[22m\n      \u001b[2mat flushActQueue (\u001b[22mnode_modules/react/cjs/react.development.js\u001b[2m:590:34)\u001b[22m\n      \u001b[2mat Object.<anonymous>.process.env.NODE_ENV.exports.act (\u001b[22mnode_modules/react/cjs/react.development.js\u001b[2m:884:10)\u001b[22m\n      \u001b[2mat actImplementation (\u001b[22mnode_modules/@testing-library/react-native/src/act.ts\u001b[2m:30:25)\u001b[22m\n      \u001b[2mat renderWithAct (\u001b[22mnode_modules/@testing-library/react-native/src/render-act.ts\u001b[2m:13:11)\u001b[22m\n      \u001b[2mat renderInternal (\u001b[22mnode_modules/@testing-library/react-native/src/render.tsx\u001b[2m:69:33)\u001b[22m\n      \u001b[2mat renderInternal (\u001b[22mnode_modules/@testing-library/react-native/src/render.tsx\u001b[2m:44:10)\u001b[22m\n      \u001b[2mat \u001b[22m__tests__/components/SymptomLog.test.tsx\u001b[2m:55:24\u001b[22m\n      \u001b[2mat Object.<anonymous> (\u001b[22mnode_modules/expect/build/toThrowMatchers.js\u001b[2m:74:11)\u001b[22m\n      \u001b[2mat Object.throwingMatcher [as toThrow] (\u001b[22mnode_modules/expect/build/index.js\u001b[2m:320:21)\u001b[22m\n      \u001b[2mat Object.toThrow (\u001b[22m__tests__/components/SymptomLog.test.tsx\u001b[2m:55:50)\u001b[22m","pass":true}}],"failureMessages":["Error: \u001b[2mexpect(\u001b[22m\u001b[31mreceived\u001b[39m\u001b[2m).\u001b[22mnot\u001b[2m.\u001b[22mtoThrow\u001b[2m()\u001b[22m\n\nError name:    \u001b[31m\"Error\"\u001b[39m\nError message: \u001b[31m\"No QueryClient set, use QueryClientProvider to set one\"\u001b[39m\n\n    \u001b[0m \u001b[90m 288 |\u001b[39m\n     \u001b[90m 289 |\u001b[39m \u001b[36mexport\u001b[39m \u001b[36mfunction\u001b[39m useEndCurrentCycle() {\n    \u001b[31m\u001b[1m>\u001b[22m\u001b[39m\u001b[90m 290 |\u001b[39m   \u001b[36mconst\u001b[39m queryClient \u001b[33m=\u001b[39m useQueryClient()\u001b[33m;\u001b[39m\n     \u001b[90m     |\u001b[39m                                     \u001b[31m\u001b[1m^\u001b[22m\u001b[39m\n     \u001b[90m 291 |\u001b[39m\n     \u001b[90m 292 |\u001b[39m   \u001b[36mreturn\u001b[39m useMutation({\n     \u001b[90m 293 |\u001b[39m     mutationFn\u001b[33m:\u001b[39m \u001b[36masync\u001b[39m ()\u001b[33m:\u001b[39m \u001b[33mPromise\u001b[39m\u001b[33m<\u001b[39m\u001b[33mEndCurrentPeriodResult\u001b[39m\u001b[33m>\u001b[39m \u001b[33m=>\u001b[39m {\u001b[0m\n\n      \u001b[2mat useQueryClient (\u001b[22mnode_modules/@tanstack/react-query/src/QueryClientProvider.tsx\u001b[2m:18:11)\u001b[22m\n      \u001b[2mat useEndCurrentCycle (\u001b[22mhooks/useCycleActions.ts\u001b[2m:290:37)\u001b[22m\n      \u001b[2mat DailyLogScreen (\u001b[22msrc/screens/DailyLogScreen.tsx\u001b[2m:71:45)\u001b[22m\n      \u001b[2mat Object.react_stack_bottom_frame (\u001b[22mnode_modules/react-test-renderer/cjs/react-test-renderer.development.js\u001b[2m:15670:20)\u001b[22m\n      \u001b[2mat renderWithHooks (\u001b[22mnode_modules/react-test-renderer/cjs/react-test-renderer.development.js\u001b[2m:4863:22)\u001b[22m\n      \u001b[2mat updateFunctionComponent (\u001b[22mnode_modules/react-test-renderer/cjs/react-test-renderer.development.js\u001b[2m:7018:19)\u001b[22m\n      \u001b[2mat beginWork (\u001b[22mnode_modules/react-test-renderer/cjs/react-test-renderer.development.js\u001b[2m:8499:18)\u001b[22m\n      \u001b[2mat runWithFiberInDEV (\u001b[22mnode_modules/react-test-renderer/cjs/react-test-renderer.development.js\u001b[2m:2315:13)\u001b[22m\n      \u001b[2mat performUnitOfWork (\u001b[22mnode_modules/react-test-renderer/cjs/react-test-renderer.development.js\u001b[2m:13224:22)\u001b[22m\n      \u001b[2mat workLoopSync (\u001b[22mnode_modules/react-test-renderer/cjs/react-test-renderer.development.js\u001b[2m:13068:41)\u001b[22m\n      \u001b[2mat renderRootSync (\u001b[22mnode_modules/react-test-renderer/cjs/react-test-renderer.development.js\u001b[2m:13049:11)\u001b[22m\n      \u001b[2mat performWorkOnRoot (\u001b[22mnode_modules/react-test-renderer/cjs/react-test-renderer.development.js\u001b[2m:12253:39)\u001b[22m\n      \u001b[2mat performWorkOnRootViaSchedulerTask (\u001b[22mnode_modules/react-test-renderer/cjs/react-test-renderer.development.js\u001b[2m:2908:7)\u001b[22m\n      \u001b[2mat flushActQueue (\u001b[22mnode_modules/react/cjs/react.development.js\u001b[2m:590:34)\u001b[22m\n      \u001b[2mat Object.<anonymous>.process.env.NODE_ENV.exports.act (\u001b[22mnode_modules/react/cjs/react.development.js\u001b[2m:884:10)\u001b[22m\n      \u001b[2mat actImplementation (\u001b[22mnode_modules/@testing-library/react-native/src/act.ts\u001b[2m:30:25)\u001b[22m\n      \u001b[2mat renderWithAct (\u001b[22mnode_modules/@testing-library/react-native/src/render-act.ts\u001b[2m:13:11)\u001b[22m\n      \u001b[2mat renderInternal (\u001b[22mnode_modules/@testing-library/react-native/src/render.tsx\u001b[2m:69:33)\u001b[22m\n      \u001b[2mat renderInternal (\u001b[22mnode_modules/@testing-library/react-native/src/render.tsx\u001b[2m:44:10)\u001b[22m\n      \u001b[2mat \u001b[22m__tests__/components/SymptomLog.test.tsx\u001b[2m:55:24\u001b[22m\n      \u001b[2mat Object.<anonymous> (\u001b[22mnode_modules/expect/build/toThrowMatchers.js\u001b[2m:74:11)\u001b[22m\n      \u001b[2mat Object.throwingMatcher [as toThrow] (\u001b[22mnode_modules/expect/build/index.js\u001b[2m:320:21)\u001b[22m\n      \u001b[2mat Object.toThrow (\u001b[22m__tests__/components/SymptomLog.test.tsx\u001b[2m:55:50)\u001b[22m\n    at Object.toThrow (/Users/parishasharma/deepakkafolder/Soma/__tests__/components/SymptomLog.test.tsx:55:50)\n    at Promise.then.completed (/Users/parishasharma/deepakkafolder/Soma/node_modules/jest-circus/build/utils.js:298:28)\n    at new Promise (<anonymous>)\n    at callAsyncCircusFn (/Users/parishasharma/deepakkafolder/Soma/node_modules/jest-circus/build/utils.js:231:10)\n    at _callCircusTest (/Users/parishasharma/deepakkafolder/Soma/node_modules/jest-circus/build/run.js:316:40)\n    at _runTest (/Users/parishasharma/deepakkafolder/Soma/node_modules/jest-circus/build/run.js:252:3)\n    at _runTestsForDescribeBlock (/Users/parishasharma/deepakkafolder/Soma/node_modules/jest-circus/build/run.js:126:9)\n    at _runTestsForDescribeBlock (/Users/parishasharma/deepakkafolder/Soma/node_modules/jest-circus/build/run.js:121:9)\n    at run (/Users/parishasharma/deepakkafolder/Soma/node_modules/jest-circus/build/run.js:71:3)\n    at runAndTransformResultsToJestFormat (/Users/parishasharma/deepakkafolder/Soma/node_modules/jest-circus/build/legacy-code-todo-rewrite/jestAdapterInit.js:122:21)\n    at jestAdapter (/Users/parishasharma/deepakkafolder/Soma/node_modules/jest-circus/build/legacy-code-todo-rewrite/jestAdapter.js:79:19)\n    at runTestInternal (/Users/parishasharma/deepakkafolder/Soma/node_modules/jest-runner/build/runTest.js:367:16)\n    at runTest (/Users/parishasharma/deepakkafolder/Soma/node_modules/jest-runner/build/runTest.js:444:34)"],"fullName":"DailyLogScreen (SymptomLog) renders without crashing","invocations":1,"location":null,"numPassingAsserts":0,"retryReasons":[],"status":"failed","title":"renders without crashing"},{"ancestorTitles":["DailyLogScreen (SymptomLog)"],"duration":1,"failureDetails":[{}],"failureMessages":["Error: No QueryClient set, use QueryClientProvider to set one\n    at useQueryClient (/Users/parishasharma/deepakkafolder/Soma/node_modules/@tanstack/react-query/src/QueryClientProvider.tsx:18:11)\n    at useEndCurrentCycle (/Users/parishasharma/deepakkafolder/Soma/hooks/useCycleActions.ts:290:37)\n    at DailyLogScreen (/Users/parishasharma/deepakkafolder/Soma/src/screens/DailyLogScreen.tsx:71:45)\n    at Object.react_stack_bottom_frame (/Users/parishasharma/deepakkafolder/Soma/node_modules/react-test-renderer/cjs/react-test-renderer.development.js:15670:20)\n    at renderWithHooks (/Users/parishasharma/deepakkafolder/Soma/node_modules/react-test-renderer/cjs/react-test-renderer.development.js:4863:22)\n    at updateFunctionComponent (/Users/parishasharma/deepakkafolder/Soma/node_modules/react-test-renderer/cjs/react-test-renderer.development.js:7018:19)\n    at beginWork (/Users/parishasharma/deepakkafolder/Soma/node_modules/react-test-renderer/cjs/react-test-renderer.development.js:8499:18)\n    at runWithFiberInDEV (/Users/parishasharma/deepakkafolder/Soma/node_modules/react-test-renderer/cjs/react-test-renderer.development.js:2315:13)\n    at performUnitOfWork (/Users/parishasharma/deepakkafolder/Soma/node_modules/react-test-renderer/cjs/react-test-renderer.development.js:13224:22)\n    at workLoopSync (/Users/parishasharma/deepakkafolder/Soma/node_modules/react-test-renderer/cjs/react-test-renderer.development.js:13068:41)\n    at renderRootSync (/Users/parishasharma/deepakkafolder/Soma/node_modules/react-test-renderer/cjs/react-test-renderer.development.js:13049:11)\n    at performWorkOnRoot (/Users/parishasharma/deepakkafolder/Soma/node_modules/react-test-renderer/cjs/react-test-renderer.development.js:12253:39)\n    at performWorkOnRootViaSchedulerTask (/Users/parishasharma/deepakkafolder/Soma/node_modules/react-test-renderer/cjs/react-test-renderer.development.js:2908:7)\n    at flushActQueue (/Users/parishasharma/deepakkafolder/Soma/node_modules/react/cjs/react.development.js:590:34)\n    at Object.<anonymous>.process.env.NODE_ENV.exports.act (/Users/parishasharma/deepakkafolder/Soma/node_modules/react/cjs/react.development.js:884:10)\n    at actImplementation (/Users/parishasharma/deepakkafolder/Soma/node_modules/@testing-library/react-native/src/act.ts:30:25)\n    at renderWithAct (/Users/parishasharma/deepakkafolder/Soma/node_modules/@testing-library/react-native/src/render-act.ts:13:11)\n    at renderInternal (/Users/parishasharma/deepakkafolder/Soma/node_modules/@testing-library/react-native/src/render.tsx:69:33)\n    at renderInternal (/Users/parishasharma/deepakkafolder/Soma/node_modules/@testing-library/react-native/src/render.tsx:44:10)\n    at Object.<anonymous> (/Users/parishasharma/deepakkafolder/Soma/__tests__/components/SymptomLog.test.tsx:59:11)\n    at Promise.then.completed (/Users/parishasharma/deepakkafolder/Soma/node_modules/jest-circus/build/utils.js:298:28)\n    at new Promise (<anonymous>)\n    at callAsyncCircusFn (/Users/parishasharma/deepakkafolder/Soma/node_modules/jest-circus/build/utils.js:231:10)\n    at _callCircusTest (/Users/parishasharma/deepakkafolder/Soma/node_modules/jest-circus/build/run.js:316:40)\n    at _runTest (/Users/parishasharma/deepakkafolder/Soma/node_modules/jest-circus/build/run.js:252:3)\n    at _runTestsForDescribeBlock (/Users/parishasharma/deepakkafolder/Soma/node_modules/jest-circus/build/run.js:126:9)\n    at _runTestsForDescribeBlock (/Users/parishasharma/deepakkafolder/Soma/node_modules/jest-circus/build/run.js:121:9)\n    at run (/Users/parishasharma/deepakkafolder/Soma/node_modules/jest-circus/build/run.js:71:3)\n    at runAndTransformResultsToJestFormat (/Users/parishasharma/deepakkafolder/Soma/node_modules/jest-circus/build/legacy-code-todo-rewrite/jestAdapterInit.js:122:21)\n    at jestAdapter (/Users/parishasharma/deepakkafolder/Soma/node_modules/jest-circus/build/legacy-code-todo-rewrite/jestAdapter.js:79:19)\n    at runTestInternal (/Users/parishasharma/deepakkafolder/Soma/node_modules/jest-runner/build/runTest.js:367:16)\n    at runTest (/Users/parishasharma/deepakkafolder/Soma/node_modules/jest-runner/build/runTest.js:444:34)"],"fullName":"DailyLogScreen (SymptomLog) shows \"How are you feeling today?\" header","invocations":1,"location":null,"numPassingAsserts":0,"retryReasons":[],"status":"failed","title":"shows \"How are you feeling today?\" header"},{"ancestorTitles":["DailyLogScreen (SymptomLog)"],"duration":0,"failureDetails":[{}],"failureMessages":["Error: No QueryClient set, use QueryClientProvider to set one\n    at useQueryClient (/Users/parishasharma/deepakkafolder/Soma/node_modules/@tanstack/react-query/src/QueryClientProvider.tsx:18:11)\n    at useEndCurrentCycle (/Users/parishasharma/deepakkafolder/Soma/hooks/useCycleActions.ts:290:37)\n    at DailyLogScreen (/Users/parishasharma/deepakkafolder/Soma/src/screens/DailyLogScreen.tsx:71:45)\n    at Object.react_stack_bottom_frame (/Users/parishasharma/deepakkafolder/Soma/node_modules/react-test-renderer/cjs/react-test-renderer.development.js:15670:20)\n    at renderWithHooks (/Users/parishasharma/deepakkafolder/Soma/node_modules/react-test-renderer/cjs/react-test-renderer.development.js:4863:22)\n    at updateFunctionComponent (/Users/parishasharma/deepakkafolder/Soma/node_modules/react-test-renderer/cjs/react-test-renderer.development.js:7018:19)\n    at beginWork (/Users/parishasharma/deepakkafolder/Soma/node_modules/react-test-renderer/cjs/react-test-renderer.development.js:8499:18)\n    at runWithFiberInDEV (/Users/parishasharma/deepakkafolder/Soma/node_modules/react-test-renderer/cjs/react-test-renderer
[...]
":1774345455330,"status":"passed","summary":""},{"assertionResults":[{"ancestorTitles":["endCurrentPeriod"],"duration":1,"failureDetails":[],"failureMessages":[],"fullName":"endCurrentPeriod ends active period and computes inclusive cycle length","invocations":1,"location":null,"numPassingAsserts":2,"retryReasons":[],"status":"passed","title":"ends active period and computes inclusive cycle length"},{"ancestorTitles":["endCurrentPeriod"],"duration":6,"failureDetails":[],"failureMessages":[],"fullName":"endCurrentPeriod throws when there is no active period","invocations":1,"location":null,"numPassingAsserts":1,"retryReasons":[],"status":"passed","title":"throws when there is no active period"},{"ancestorTitles":["endCurrentPeriod"],"duration":0,"failureDetails":[],"failureMessages":[],"fullName":"endCurrentPeriod queues period end update when network update fails","invocations":1,"location":null,"numPassingAsserts":2,"retryReasons":[],"status":"passed","title":"queues period end update when network update fails"},{"ancestorTitles":["logPeriodRangeAction"],"duration":1,"failureDetails":[],"failureMessages":[],"fullName":"logPeriodRangeAction supports start-only period logging when no active cycle exists","invocations":1,"location":null,"numPassingAsserts":2,"retryReasons":[],"status":"passed","title":"supports start-only period logging when no active cycle exists"},{"ancestorTitles":["logPeriodRangeAction"],"duration":0,"failureDetails":[],"failureMessages":[],"fullName":"logPeriodRangeAction supports explicit period end when an active cycle exists","invocations":1,"location":null,"numPassingAsserts":2,"retryReasons":[],"status":"passed","title":"supports explicit period end when an active cycle exists"}],"endTime":1774345455446,"message":"","name":"/Users/parishasharma/deepakkafolder/Soma/__tests__/unit/useCycleActions.test.ts","startTime":1774345455390,"status":"passed","summary":""},{"assertionResults":[{"ancestorTitles":["useLinkPartner actions","normalizeInviteCode"],"duration":0,"failureDetails":[],"failureMessages":[],"fullName":"useLinkPartner actions normalizeInviteCode normalizes plain 6-char codes into segmented format","invocations":1,"location":null,"numPassingAsserts":2,"retryReasons":[],"status":"passed","title":"normalizes plain 6-char codes into segmented format"},{"ancestorTitles":["useLinkPartner actions","normalizeInviteCode"],"duration":6,"failureDetails":[],"failureMessages":[],"fullName":"useLinkPartner actions normalizeInviteCode throws for invalid invite code length","invocations":1,"location":null,"numPassingAsserts":1,"retryReasons":[],"status":"passed","title":"throws for invalid invite code length"},{"ancestorTitles":["useLinkPartner actions","normalizeInviteCode"],"duration":0,"failureDetails":[],"failureMessages":[],"fullName":"useLinkPartner actions normalizeInviteCode validates invite code shape for QR render readiness","invocations":1,"location":null,"numPassingAsserts":4,"retryReasons":[],"status":"passed","title":"validates invite code shape for QR render readiness"},{"ancestorTitles":["useLinkPartner actions","linkPartnerAction"],"duration":2,"failureDetails":[],"failureMessages":[],"fullName":"useLinkPartner actions linkPartnerAction calls link_partner with normalized invite code","invocations":1,"location":null,"numPassingAsserts":2,"retryReasons":[],"status":"passed","title":"calls link_partner with normalized invite code"},{"ancestorTitles":["useLinkPartner actions","linkPartnerAction"],"duration":1,"failureDetails":[],"failureMessages":[],"fullName":"useLinkPartner actions linkPartnerAction throws when Supabase response payload is invalid","invocations":1,"location":null,"numPassingAsserts":1,"retryReasons":[],"status":"passed","title":"throws when Supabase response payload is invalid"},{"ancestorTitles":["useLinkPartner actions","ensurePartnerInviteCodeAction"],"duration":0,"failureDetails":[],"failureMessages":[],"fullName":"useLinkPartner actions ensurePartnerInviteCodeAction returns existing valid code without generating a new one","invocations":1,"location":null,"numPassingAsserts":2,"retryReasons":[],"status":"passed","title":"returns existing valid code without generating a new one"},{"ancestorTitles":["useLinkPartner actions","ensurePartnerInviteCodeAction"],"duration":0,"failureDetails":[],"failureMessages":[],"fullName":"useLinkPartner actions ensurePartnerInviteCodeAction generates and persists a new invite code when current code is missing","invocations":1,"location":null,"numPassingAsserts":5,"retryReasons":[],"status":"passed","title":"generates and persists a new invite code when current code is missing"}],"endTime":1774345455510,"message":"","name":"/Users/parishasharma/deepakkafolder/Soma/__tests__/unit/useLinkPartner.test.ts","startTime":1774345455455,"status":"passed","summary":""},{"assertionResults":[{"ancestorTitles":["derivePeriodVisualizationDays"],"duration":1,"failureDetails":[],"failureMessages":[],"fullName":"derivePeriodVisualizationDays keeps only logged days as actual period days","invocations":1,"location":null,"numPassingAsserts":1,"retryReasons":[],"status":"passed","title":"keeps only logged days as actual period days"},{"ancestorTitles":["derivePeriodVisualizationDays"],"duration":0,"failureDetails":[],"failureMessages":[],"fullName":"derivePeriodVisualizationDays does not allow predictions to override logged days","invocations":1,"location":null,"numPassingAsserts":1,"retryReasons":[],"status":"passed","title":"does not allow predictions to override logged days"},{"ancestorTitles":["derivePeriodVisualizationDays"],"duration":0,"failureDetails":[],"failureMessages":[],"fullName":"derivePeriodVisualizationDays returns full predicted range when there is no overlap with logged days","invocations":1,"location":null,"numPassingAsserts":2,"retryReasons":[],"status":"passed","title":"returns full predicted range when there is no overlap with logged days"},{"ancestorTitles":["predictFertileWindow"],"duration":0,"failureDetails":[],"failureMessages":[],"fullName":"predictFertileWindow returns null when no cycles are provided","invocations":1,"location":null,"numPassingAsserts":1,"retryReasons":[],"status":"passed","title":"returns null when no cycles are provided"},{"ancestorTitles":["predictFertileWindow"],"duration":0,"failureDetails":[],"failureMessages":[],"fullName":"predictFertileWindow returns a prediction when at least one cycle exists","invocations":1,"location":null,"numPassingAsserts":1,"retryReasons":[],"status":"passed","title":"returns a prediction when at least one cycle exists"},{"ancestorTitles":["predictFertileWindow","28-day cycle (standard)"],"duration":0,"failureDetails":[],"failureMessages":[],"fullName":"predictFertileWindow 28-day cycle (standard) sets averageCycleLength to 28","invocations":1,"location":null,"numPassingAsserts":1,"retryReasons":[],"status":"passed","title":"sets averageCycleLength to 28"},{"ancestorTitles":["predictFertileWindow","28-day cycle (standard)"],"duration":0,"failureDetails":[],"failureMessages":[],"fullName":"predictFertileWindow 28-day cycle (standard) predicts ovulation on day 14 (2024-01-14)","invocations":1,"location":null,"numPassingAsserts":1,"retryReasons":[],"status":"passed","title":"predicts ovulation on day 14 (2024-01-14)"},{"ancestorTitles":["predictFertileWindow","28-day cycle (standard)"],"duration":0,"failureDetails":[],"failureMessages":[],"fullName":"predictFertileWindow 28-day cycle (standard) starts fertile window 5 days before ovulation (2024-01-09)","invocations":1,"location":null,"numPassingAsserts":1,"retryReasons":[],"status":"passed","title":"starts fertile window 5 days before ovulation (2024-01-09)"},{"ancestorTitles":["predictFertileWindow","28-day cycle (standard)"],"duration":0,"failureDetails":[],"failureMessages":[],"fullName":"predictFertileWindow 28-day cycle (standard) ends fertile window 1 day after ovulation (2024-01-15)","invocations":1,"location":null,"numPassingAsserts":1,"retryReasons":[],"status":"passed","title":"ends fertile window 1 day after ovulation (2024-01-15)"},{"ancestorTitles":["predictFertileWindow","28-day cycle (standard)"],"duration":0,"failureDetails":[],"failureMessages":[],"fullName":"predictFertileWindow 28-day cycle (standard) reports 1 cycle used","invocations":1,"location":null,"numPassingAsserts":1,"retryReasons":[],"status":"passed","title":"reports 1 cycle used"},{"ancestorTitles":["predictFertileWindow","30-day cycle"],"duration":0,"failureDetails":[],"failureMessages":[],"fullName":"predictFertileWindow 30-day cycle predicts ovulation on day 16","invocations":1,"location":null,"numPassingAsserts":1,"retryReasons":[],"status":"passed","title":"predicts ovulation on day 16"},{"ancestorTitles":["predictFertileWindow","30-day cycle"],"duration":0,"failureDetails":[],"failureMessages":[],"fullName":"predictFertileWindow 30-day cycle starts fertile window 5 days before ovulation (day 11)","invocations":1,"location":null,"numPassingAsserts":1,"retryReasons":[],"status":"passed","title":"starts fertile window 5 days before ovulation (day 11)"},{"ancestorTitles":["predictFertileWindow","moving average uses last 6 cycles"],"duration":0,"failureDetails":[],"failureMessages":[],"fullName":"predictFertileWindow moving average uses last 6 cycles caps at 6 cycles even when more are provided","invocations":1,"location":null,"numPassingAsserts":1,"retryReasons":[],"status":"passed","title":"caps at 6 cycles even when more are provided"},{"ancestorTitles":["predictFertileWindow","moving average uses last 6 cycles"],"duration":0,"failureDetails":[],"failureMessages":[],"fullName":"predictFertileWindow moving average uses last 6 cycles blends different cycle lengths into a moving average","invocations":1,"location":null,"numPassingAsserts":1,"retryReasons":[],"status":"passed","title":"blends different cycle lengths into a moving average"},{"ancestorTitles":["predictFertileWindow","windowStart precedes ovulationDate which precedes windowEnd"],"duration":0,"failureDetails":[],"failureMessages":[],"fullName":"predictFertileWindow windowStart precedes ovulationDate which precedes windowEnd maintains correct date order","invocations":1,"location":null,"numPassingAsserts":2,"retryReasons":[],"status":"passed","title":"maintains correct date order"},{"ancestorTitles":["estimateOvulation"],"duration":1,"failureDetails":[],"failureMessages":[],"fullName":"estimateOvulation returns null when no cycles are provided","invocations":1,"location":null,"numPassingAsserts":1,"retryReasons":[],"status":"passed","title":"returns null when no cycles are provided"},{"ancestorTitles":["estimateOvulation","with a single 28-day cycle"],"duration":0,"failureDetails":[],"failureMessages":[],"fullName":"estimateOvulation with a single 28-day cycle estimates ovulation on day 14","invocations":1,"location":null,"numPassingAsserts":1,"retryReasons":[],"status":"passed","title":"estimates ovulation on day 14"},{"ancestorTitles":["estimateOvulation","with a single 28-day cycle"],"duration":0,"failureDetails":[],"failureMessages":[],"fullName":"estimateOvulation with a single 28-day cycle estimates ovulation date as 2024-01-14","invocations":1,"location":null,"numPassingAsserts":1,"retryReasons":[],"status":"passed","title":"estimates ovulation date as 2024-01-14"},{"ancestorTitles":["estimateOvulation","with a single 28-day cycle"],"duration":0,"failureDetails":[],"failureMessages":[],"fullName":"estimateOvulation with a single 28-day cycle returns low confidence for a single cycle","invocations":1,"location":null,"numPassingAsserts":1,"retryReasons":[],"status":"passed","title":"returns low confidence for a single cycle"},{"ancestorTitles":["estimateOvulation","confidence levels"],"duration":0,"failureDetails":[],"failureMessages":[],"fullName":"estimateOvulation confidence levels returns medium confidence for 3 cycles with stdDev ≤ 5","invocations":1,"location":null,"numPassingAsserts":1,"retryReasons":[],"status":"passed","title":"returns medium confidence for 3 cycles with stdDev ≤ 5"},{"ancestorTitles":["estimateOvulation","confidence levels"],"duration":0,"failureDetails":[],"failureMessages":[],"fullName":"estimateOvulation confidence levels returns high confidence for 6 cycles with stdDev ≤ 2","invocations":1,"location":null,"numPassingAsserts":1,"retryReasons":[],"status":"passed","title":"returns high confidence for 6 cycles with stdDev ≤ 2"},{"ancestorTitles":["estimateOvulation","confidence levels"],"duration":0,"failureDetails":[],"failureMessages":[],"fullName":"estimateOvulation confidence levels returns low confidence for 6 cycles with high variability (stdDev > 5)","invocations":1,"location":null,"numPassingAsserts":1,"retryReasons":[],"status":"passed","title":"returns low confidence for 6 cycles with high variability (stdDev > 5)"},{"ancestorTitles":["estimateOvulation","confidence levels"],"duration":0,"failureDetails":[],"failureMessages":[],"fullName":"estimateOvulation confidence levels returns low confidence for only 2 cycles (below medium threshold of 3)","invocations":1,"location":null,"numPassingAsserts":1,"retryReasons":[],"status":"passed","title":"returns low confidence for only 2 cycles (below medium threshold of 3)"},{"ancestorTitles":["estimateOvulation","dayNumber uses moving average"],"duration":0,"failureDetails":[],"failureMessages":[],"fullName":"estimateOvulation dayNumber uses moving average calculates dayNumber as round(avgLength) - 14","invocations":1,"location":null,"numPassingAsserts":1,"retryReasons":[],"status":"passed","title":"calculates dayNumber as round(avgLength) - 14"},{"ancestorTitles":["assessPMSRisk"],"duration":0,"failureDetails":[],"failureMessages":[],"fullName":"assessPMSRisk returns low risk with score 0 for empty logs","invocations":1,"location":null,"numPassingAsserts":1,"retryReasons":[],"status":"passed","title":"returns low risk with score 0 for empty logs"},{"ancestorTitles":["assessPMSRisk"],"duration":0,"failureDetails":[],"failureMessages":[],"fullName":"assessPMSRisk returns low risk when logs have no PMS symptoms","invocations":1,"location":null,"numPassingAsserts":3,"retryReasons":[],"status":"passed","title":"returns low risk when logs have no PMS symptoms"},{"ancestorTitles":["assessPMSRisk","risk level thresholds"],"duration":0,"failureDetails":[],"failureMessages":[],"fullName":"assessPMSRisk risk level thresholds returns low risk for score ≤ 30","invocations":1,"location":null,"numPassingAsserts":2,"retryReasons":[],"status":"passed","title":"returns low risk for score ≤ 30"},{"ancestorTitles":["assessPMSRisk","risk level thresholds"],"duration":0,"failureDetails":[],"failureMessages":[],"fullName":"assessPMSRisk risk level thresholds returns medium risk for score between 31 and 60","invocations":1,"location":null,"numPassingAsserts":2,"retryReasons":[],"status":"passed","title":"returns medium risk for score between 31 and 60"},{"ancestorTitles":["assessPMSRisk","risk level thresholds"],"duration":0,"failureDetails":[],"failureMessages":[],"fullName":"assessPMSRisk risk level thresholds returns high risk for score > 60","invocations":1,"location":null,"numPassingAsserts":2,"retryReasons":[],"status":"passed","title":"returns high risk for score > 60"},{"ancestorTitles":["assessPMSRisk","triggerSymptoms"],"duration":0,"failureDetails":[],"failureMessages":[],"fullName":"assessPMSRisk triggerSymptoms includes only PMS-associated symptoms","invocations":1,"location":null,"numPassingAsserts":1,"retryReasons":[],"status":"passed","title":"includes only PMS-associated symptoms"},{"ancestorTitles":["assessPMSRisk","triggerSymptoms"],"duration":0,"failureDetails":[],"failureMessages":[],"fullName":"assessPMSRisk triggerSymptoms sorts trigger symptoms by frequency (most frequent first)","invocations":1,"location":null,"numPassingAsserts":1,"retryReasons":[],"status":"passed","title":"sorts trigger symptoms by frequency (most frequent first)"},{"ancestorTitles":["assessPMSRisk","triggerSymptoms"],"duration":0,"failureDetails":[],"failureMessages":[],"fullName":"assessPMSRisk triggerSymptoms excludes non-PMS SymptomOptions (Energized, Radiant, Calm)","invocations":1,"location":null,"numPassingAsserts":1,"retryReasons":[],"status":"passed","title":"excludes non-PMS SymptomOptions (Energized, Radiant, Calm)"},{"ancestorTitles":["assessPMSRisk","triggerSymptoms"],"duration":0,"failureDetails":[],"failureMessages":[],"fullName":"assessPMSRisk triggerSymptoms identifies all 5 PMS symptoms when all are present","invocations":1,"location":null,"numPassingAsserts":1,"retryReasons":[],"status":"passed","title":"identifies all 5 PMS symptoms when all are present"},{"ancestorTitles":["assessPMSRisk","score calculation"],"duration":1,"failureDetails":[],"failureMessages":[],"fullName":"assessPMSRisk score calculation normalises score to 0–100 range","invocations":1,"location":null,"numPassingAsserts":2,"retryReasons":[],"status":"passed","title":"normalises score to 0–100 range"},{"ancestorTitles":["assessPMSRisk","score calculation"],"duration":0,"failureDetails":[],"failureMessages":[],"fullName":"assessPMSRisk score calculation returns score 0 when no PMS symptoms across multiple logs","invocations":1,"location":null,"numPassingAsserts":1,"retryReasons":[],"status":"passed","title":"returns score 0 when no PMS symptoms across multiple logs"},{"ancestorTitles":["assessPMSRisk","score calculation"],"duration":0,"failureDetails":[],"failureMessages":[],"fullName":"assessPMSRisk score calculation returns score 100 when all PMS symptoms appear in every log (5 items, 1 log)","invocations":1,"location":null,"numPassingAsserts":2,"retryReasons":[],"status":"passed","title":"returns score 100 when all PMS symptoms appear in every log (5 items, 1 log)"}],"endTime":1774345455558,"message":"","name":"/Users/parishasharma/deepakkafolder/Soma/__tests__/unit/advancedIntelligence.test.ts","startTime":1774345455514,"status":"passed","summary":""},{"assertionResults":[{"ancestorTitles":["Period end flow"],"duration":1,"failureDetails":[],"failureMessages":[],"fullName":"Period end flow stops mini-calendar period highlight after explicit end_date","invocations":1,"location":null,"numPassingAsserts":2,"retryReasons":[],"status":"passed","title":"stops mini-calendar period highlight after explicit end_date"},{"ancestorTitles":["Period end flow"],"duration":0,"failureDetails":[],"failureMessages":[],"fullName":"Period end flow uses only completed cycles with end_date for prediction","invocations":1,"location":null,"numPassingAsserts":3,"retryReasons":[],"status":"passed","title":"uses only completed cycles with end_date for prediction"}],"endTime":1774345455609,"message":"","name":"/Users/parishasharma/deepakkafolder/Soma/__tests__/integration/periodEndFlow.test.ts","startTime":1774345455561,"status":"passed","summary":""},{"assertionResults":[{"ancestorTitles":["getLatestApkUrl"],"duration":1,"failureDetails":[],"failureMessages":[],"fullName":"getLatestApkUrl returns downloadUrl from primary metadata","invocations":1,"location":null,"numPassingAsserts":3,"retryReasons":[],"status":"passed","title":"returns downloadUrl from primary metadata"},{"ancestorTitles":["getLatestApkUrl"],"duration":1,"failureDetails":[],"failureMessages":[],"fullName":"getLatestApkUrl falls back to apkUrl from secondary source","invocations":1,"location":null,"numPassingAsserts":2,"retryReasons":[],"status":"passed","title":"falls back to apkUrl from secondary source"},{"ancestorTitles":["getLatestApkUrl"],"duration":0,"failureDetails":[],"failureMessages":[],"fullName":"getLatestApkUrl returns null when all sources fail","invocations":1,"location":null,"numPassingAsserts":2,"retryReasons":[],"status":"passed","title":"returns null when all sources fail"}],"endTime":1774345455648,"message":"","name":"/Users/parishasharma/deepakkafolder/Soma/__tests__/unit/getLatestApkUrl.test.ts","startTime":1774345455612,"status":"passed","summary":""}],"wasInterrupted":false}
